<?xml version="1.0" encoding="UTF-8"?>
<testsuite name="지하철 노선에 역 등록 관련 기능" tests="6" skipped="0" failures="0" errors="0" timestamp="2022-08-19T17:24:00" hostname="ip-192-168-15-12" time="1.255">
  <properties/>
  <testcase name="지하철 노선에 등록되지 않은 역을 기준으로 등록한다." classname="nextstep.subway.line.acceptance.LineSectionAcceptanceTest" time="0.17"/>
  <testcase name="지하철 노선에 이미 등록되어있는 역을 등록한다." classname="nextstep.subway.line.acceptance.LineSectionAcceptanceTest" time="0.164"/>
  <testcase name="지하철 노선에 등록된 지하철역을 제외한다." classname="nextstep.subway.line.acceptance.LineSectionAcceptanceTest" time="0.281"/>
  <testcase name="지하철 노선에 등록된 지하철역이 두개일 때 한 역을 제외한다." classname="nextstep.subway.line.acceptance.LineSectionAcceptanceTest" time="0.151"/>
  <testcase name="지하철 노선에 역을 등록한다." classname="nextstep.subway.line.acceptance.LineSectionAcceptanceTest" time="0.196"/>
  <testcase name="지하철 노선에 여러개의 역을 순서 상관 없이 등록한다." classname="nextstep.subway.line.acceptance.LineSectionAcceptanceTest" time="0.276"/>
  <system-out><![CDATA[2022-08-20 02:24:00.782  INFO 16121 --- [    Test worker] .b.t.c.SpringBootTestContextBootstrapper : Neither @ContextConfiguration nor @ContextHierarchy found for test class [nextstep.subway.line.acceptance.LineSectionAcceptanceTest], using SpringBootContextLoader
2022-08-20 02:24:00.783  INFO 16121 --- [    Test worker] o.s.t.c.support.AbstractContextLoader    : Could not detect default resource locations for test class [nextstep.subway.line.acceptance.LineSectionAcceptanceTest]: no resource found for suffixes {-context.xml, Context.groovy}.
2022-08-20 02:24:00.783  INFO 16121 --- [    Test worker] t.c.s.AnnotationConfigContextLoaderUtils : Could not detect default configuration classes for test class [nextstep.subway.line.acceptance.LineSectionAcceptanceTest]: LineSectionAcceptanceTest does not declare any static, non-private, non-final, nested classes annotated with @Configuration.
2022-08-20 02:24:00.787  INFO 16121 --- [    Test worker] .b.t.c.SpringBootTestContextBootstrapper : Found @SpringBootConfiguration nextstep.subway.SubwayApplication for test class nextstep.subway.line.acceptance.LineSectionAcceptanceTest
2022-08-20 02:24:00.789  INFO 16121 --- [    Test worker] .b.t.c.SpringBootTestContextBootstrapper : Loaded default TestExecutionListener class names from location [META-INF/spring.factories]: [org.springframework.boot.test.autoconfigure.restdocs.RestDocsTestExecutionListener, org.springframework.boot.test.autoconfigure.web.client.MockRestServiceServerResetTestExecutionListener, org.springframework.boot.test.autoconfigure.web.servlet.MockMvcPrintOnlyOnFailureTestExecutionListener, org.springframework.boot.test.autoconfigure.web.servlet.WebDriverTestExecutionListener, org.springframework.boot.test.autoconfigure.webservices.client.MockWebServiceServerTestExecutionListener, org.springframework.boot.test.mock.mockito.MockitoTestExecutionListener, org.springframework.boot.test.mock.mockito.ResetMocksTestExecutionListener, org.springframework.test.context.web.ServletTestExecutionListener, org.springframework.test.context.support.DirtiesContextBeforeModesTestExecutionListener, org.springframework.test.context.support.DependencyInjectionTestExecutionListener, org.springframework.test.context.support.DirtiesContextTestExecutionListener, org.springframework.test.context.transaction.TransactionalTestExecutionListener, org.springframework.test.context.jdbc.SqlScriptsTestExecutionListener, org.springframework.test.context.event.EventPublishingTestExecutionListener]
2022-08-20 02:24:00.789  INFO 16121 --- [    Test worker] .b.t.c.SpringBootTestContextBootstrapper : Using TestExecutionListeners: [org.springframework.test.context.web.ServletTestExecutionListener@326a3e9b, org.springframework.test.context.support.DirtiesContextBeforeModesTestExecutionListener@45eb14e0, org.springframework.boot.test.mock.mockito.MockitoTestExecutionListener@5c479068, org.springframework.boot.test.autoconfigure.SpringBootDependencyInjectionTestExecutionListener@1c3f80af, org.springframework.test.context.support.DirtiesContextTestExecutionListener@7fc2eb55, org.springframework.test.context.transaction.TransactionalTestExecutionListener@6213ac59, org.springframework.test.context.jdbc.SqlScriptsTestExecutionListener@237b4a3, org.springframework.test.context.event.EventPublishingTestExecutionListener@626d66b2, org.springframework.boot.test.autoconfigure.restdocs.RestDocsTestExecutionListener@a1da1e9, org.springframework.boot.test.autoconfigure.web.client.MockRestServiceServerResetTestExecutionListener@7593b597, org.springframework.boot.test.autoconfigure.web.servlet.MockMvcPrintOnlyOnFailureTestExecutionListener@4a3e952a, org.springframework.boot.test.autoconfigure.web.servlet.WebDriverTestExecutionListener@43ef2229, org.springframework.boot.test.autoconfigure.webservices.client.MockWebServiceServerTestExecutionListener@241ad154, org.springframework.boot.test.mock.mockito.ResetMocksTestExecutionListener@4c4df74d]
Hibernate: 
    
SET
    REFERENTIAL_INTEGRITY FALSE
Hibernate: 
    TRUNCATE TABLE section
Hibernate: 
    ALTER TABLE section ALTER COLUMN ID RESTART WITH 1
Hibernate: 
    TRUNCATE TABLE line
Hibernate: 
    ALTER TABLE line ALTER COLUMN ID RESTART WITH 1
Hibernate: 
    TRUNCATE TABLE favorite
Hibernate: 
    ALTER TABLE favorite ALTER COLUMN ID RESTART WITH 1
Hibernate: 
    TRUNCATE TABLE station
Hibernate: 
    ALTER TABLE station ALTER COLUMN ID RESTART WITH 1
Hibernate: 
    TRUNCATE TABLE member
Hibernate: 
    ALTER TABLE member ALTER COLUMN ID RESTART WITH 1
Hibernate: 
    
SET
    REFERENTIAL_INTEGRITY TRUE
Request method:	POST
Request URI:	http://localhost:37811/stations
Proxy:			<none>
Request params:	<none>
Query params:	<none>
Form params:	<none>
Path params:	<none>
Headers:		Accept=*/*
				Content-Type=application/json; charset=UTF-8
Cookies:		<none>
Multiparts:		<none>
Body:
{
    "name": "강남역"
}
Hibernate: 
    insert 
    into
        station
        (id, created_date, modified_date, name) 
    values
        (null, ?, ?, ?)
2022-08-20 02:24:00.813 TRACE 16121 --- [o-auto-1-exec-1] o.h.type.descriptor.sql.BasicBinder      : binding parameter [1] as [TIMESTAMP] - [2022-08-20T02:24:00.812]
2022-08-20 02:24:00.814 TRACE 16121 --- [o-auto-1-exec-1] o.h.type.descriptor.sql.BasicBinder      : binding parameter [2] as [TIMESTAMP] - [2022-08-20T02:24:00.812]
2022-08-20 02:24:00.814 TRACE 16121 --- [o-auto-1-exec-1] o.h.type.descriptor.sql.BasicBinder      : binding parameter [3] as [VARCHAR] - [강남역]
POST /stations HTTP/1.1
accept: */*
content-type: application/json; charset=UTF-8
HTTP/1.1 201 
Location: /stations/1
Content-Type: application/json
Transfer-Encoding: chunked
Date: Fri, 19 Aug 2022 17:24:00 GMT
Keep-Alive: timeout=60
Connection: keep-alive

{
    "id": 1,
    "name": "강남역",
    "createdDate": "2022-08-20T02:24:00.812",
    "modifiedDate": "2022-08-20T02:24:00.812"
}
content-length: 20
host: localhost:37811
connection: Keep-Alive
user-agent: Apache-HttpClient/4.5.13 (Java/1.8.0_342)
accept-encoding: gzip,deflate



HTTP/1.1 201 Created
Transfer-Encoding: chunked
Keep-Alive: timeout=60
Connection: keep-alive
Date: Fri, 19 Aug 2022 17:24:00 GMT
Location: /stations/1
Content-Type: application/json



Request method:	POST
Request URI:	http://localhost:37811/stations
Proxy:			<none>
Request params:	<none>
Query params:	<none>
Form params:	<none>
Path params:	<none>
Headers:		Accept=*/*
				Content-Type=application/json; charset=UTF-8
Cookies:		<none>
Multiparts:		<none>
Body:
{
    "name": "양재역"
}
Hibernate: 
    insert 
    into
        station
        (id, created_date, modified_date, name) 
    values
        (null, ?, ?, ?)
2022-08-20 02:24:00.832 TRACE 16121 --- [o-auto-1-exec-2] o.h.type.descriptor.sql.BasicBinder      : binding parameter [1] as [TIMESTAMP] - [2022-08-20T02:24:00.832]
2022-08-20 02:24:00.833 TRACE 16121 --- [o-auto-1-exec-2] o.h.type.descriptor.sql.BasicBinder      : binding parameter [2] as [TIMESTAMP] - [2022-08-20T02:24:00.832]
2022-08-20 02:24:00.833 TRACE 16121 --- [o-auto-1-exec-2] o.h.type.descriptor.sql.BasicBinder      : binding parameter [3] as [VARCHAR] - [양재역]
POST /stations HTTP/1.1
accept: */*
content-type: application/json; charset=UTF-8
content-length: 20
host: localhost:37811
connection: Keep-Alive
user-agent: Apache-HttpClient/4.5.13 (Java/1.8.0_342)
accept-encoding: gzip,deflate



HTTP/1.1 201 Created
Transfer-Encoding: chunked
Keep-Alive: timeout=60
Connection: keep-alive
Date: Fri, 19 Aug 2022 17:24:00 GMT
Location: /stations/2
Content-Type: application/json



HTTP/1.1 201 
Location: /stations/2
Content-Type: application/json
Transfer-Encoding: chunked
Date: Fri, 19 Aug 2022 17:24:00 GMT
Keep-Alive: timeout=60
Connection: keep-alive

{
    "id": 2,
    "name": "양재역",
    "createdDate": "2022-08-20T02:24:00.832",
    "modifiedDate": "2022-08-20T02:24:00.832"
}
Request method:	POST
Request URI:	http://localhost:37811/stations
Proxy:			<none>
Request params:	<none>
Query params:	<none>
Form params:	<none>
Path params:	<none>
Headers:		Accept=*/*
				Content-Type=application/json; charset=UTF-8
Cookies:		<none>
Multiparts:		<none>
Body:
{
    "name": "정자역"
}
Hibernate: 
    insert 
    into
        station
        (id, created_date, modified_date, name) 
    values
        (null, ?, ?, ?)
2022-08-20 02:24:00.851 TRACE 16121 --- [o-auto-1-exec-3] o.h.type.descriptor.sql.BasicBinder      : binding parameter [1] as [TIMESTAMP] - [2022-08-20T02:24:00.850]
2022-08-20 02:24:00.851 TRACE 16121 --- [o-auto-1-exec-3] o.h.type.descriptor.sql.BasicBinder      : binding parameter [2] as [TIMESTAMP] - [2022-08-20T02:24:00.850]
2022-08-20 02:24:00.851 TRACE 16121 --- [o-auto-1-exec-3] o.h.type.descriptor.sql.BasicBinder      : binding parameter [3] as [VARCHAR] - [정자역]
POST /stations HTTP/1.1
accept: */*
content-type: application/json; charset=UTF-8
content-length: 20
host: localhost:37811
connection: Keep-Alive
user-agent: Apache-HttpClient/4.5.13 (Java/1.8.0_342)
accept-encoding: gzip,deflate



HTTP/1.1 201 Created
Transfer-Encoding: chunked
Keep-Alive: timeout=60
Connection: keep-alive
Date: Fri, 19 Aug 2022 17:24:00 GMT
Location: /stations/3
Content-Type: application/json



HTTP/1.1 201 
Location: /stations/3
Content-Type: application/json
Transfer-Encoding: chunked
Date: Fri, 19 Aug 2022 17:24:00 GMT
Keep-Alive: timeout=60
Connection: keep-alive

{
    "id": 3,
    "name": "정자역",
    "createdDate": "2022-08-20T02:24:00.85",
    "modifiedDate": "2022-08-20T02:24:00.85"
}
Request method:	POST
Request URI:	http://localhost:37811/stations
Proxy:			<none>
Request params:	<none>
Query params:	<none>
Form params:	<none>
Path params:	<none>
Headers:		Accept=*/*
				Content-Type=application/json; charset=UTF-8
Cookies:		<none>
Multiparts:		<none>
Body:
{
    "name": "광교역"
}
Hibernate: 
    insert 
    into
        station
        (id, created_date, modified_date, name) 
    values
        (null, ?, ?, ?)
2022-08-20 02:24:00.870 TRACE 16121 --- [o-auto-1-exec-4] o.h.type.descriptor.sql.BasicBinder      : binding parameter [1] as [TIMESTAMP] - [2022-08-20T02:24:00.869]
2022-08-20 02:24:00.870 TRACE 16121 --- [o-auto-1-exec-4] o.h.type.descriptor.sql.BasicBinder      : binding parameter [2] as [TIMESTAMP] - [2022-08-20T02:24:00.869]
2022-08-20 02:24:00.871 TRACE 16121 --- [o-auto-1-exec-4] o.h.type.descriptor.sql.BasicBinder      : binding parameter [3] as [VARCHAR] - [광교역]
HTTP/1.1 201 
POST /stations HTTP/1.1
accept: */*
content-type: application/json; charset=UTF-8
content-length: 20
host: localhost:37811
connection: Keep-Alive
user-agent: Apache-HttpClient/4.5.13 (Java/1.8.0_342)
accept-encoding: gzip,deflate



HTTP/1.1 201 Created
Transfer-Encoding: chunked
Keep-Alive: timeout=60
Connection: keep-alive
Date: Fri, 19 Aug 2022 17:24:00 GMT
Location: /stations/4
Content-Type: application/json



Location: /stations/4
Content-Type: application/json
Transfer-Encoding: chunked
Date: Fri, 19 Aug 2022 17:24:00 GMT
Keep-Alive: timeout=60
Connection: keep-alive

{
    "id": 4,
    "name": "광교역",
    "createdDate": "2022-08-20T02:24:00.869",
    "modifiedDate": "2022-08-20T02:24:00.869"
}
Request method:	POST
Request URI:	http://localhost:37811/lines
Proxy:			<none>
Request params:	<none>
Query params:	<none>
Form params:	<none>
Path params:	<none>
Headers:		Accept=*/*
				Content-Type=application/json; charset=UTF-8
Cookies:		<none>
Multiparts:		<none>
Body:
{
    "color": "bg-red-600",
    "distance": "10",
    "name": "신분당선",
    "downStationId": "4",
    "upStationId": "1"
}
Hibernate: 
    select
        station0_.id as id1_4_0_,
        station0_.created_date as created_2_4_0_,
        station0_.modified_date as modified3_4_0_,
        station0_.name as name4_4_0_ 
    from
        station station0_ 
    where
        station0_.id=?
2022-08-20 02:24:00.889 TRACE 16121 --- [o-auto-1-exec-5] o.h.type.descriptor.sql.BasicBinder      : binding parameter [1] as [BIGINT] - [1]
2022-08-20 02:24:00.890 TRACE 16121 --- [o-auto-1-exec-5] o.h.type.descriptor.sql.BasicExtractor   : extracted value ([created_2_4_0_] : [TIMESTAMP]) - [2022-08-20T02:24:00.812]
2022-08-20 02:24:00.890 TRACE 16121 --- [o-auto-1-exec-5] o.h.type.descriptor.sql.BasicExtractor   : extracted value ([modified3_4_0_] : [TIMESTAMP]) - [2022-08-20T02:24:00.812]
2022-08-20 02:24:00.890 TRACE 16121 --- [o-auto-1-exec-5] o.h.type.descriptor.sql.BasicExtractor   : extracted value ([name4_4_0_] : [VARCHAR]) - [강남역]
Hibernate: 
    select
        station0_.id as id1_4_0_,
        station0_.created_date as created_2_4_0_,
        station0_.modified_date as modified3_4_0_,
        station0_.name as name4_4_0_ 
    from
        station station0_ 
    where
        station0_.id=?
2022-08-20 02:24:00.891 TRACE 16121 --- [o-auto-1-exec-5] o.h.type.descriptor.sql.BasicBinder      : binding parameter [1] as [BIGINT] - [4]
2022-08-20 02:24:00.892 TRACE 16121 --- [o-auto-1-exec-5] o.h.type.descriptor.sql.BasicExtractor   : extracted value ([created_2_4_0_] : [TIMESTAMP]) - [2022-08-20T02:24:00.869]
2022-08-20 02:24:00.892 TRACE 16121 --- [o-auto-1-exec-5] o.h.type.descriptor.sql.BasicExtractor   : extracted value ([modified3_4_0_] : [TIMESTAMP]) - [2022-08-20T02:24:00.869]
2022-08-20 02:24:00.892 TRACE 16121 --- [o-auto-1-exec-5] o.h.type.descriptor.sql.BasicExtractor   : extracted value ([name4_4_0_] : [VARCHAR]) - [광교역]
Hibernate: 
    insert 
    into
        line
        (id, created_date, modified_date, color, name) 
    values
        (null, ?, ?, ?, ?)
2022-08-20 02:24:00.894 TRACE 16121 --- [o-auto-1-exec-5] o.h.type.descriptor.sql.BasicBinder      : binding parameter [1] as [TIMESTAMP] - [2022-08-20T02:24:00.893]
2022-08-20 02:24:00.894 TRACE 16121 --- [o-auto-1-exec-5] o.h.type.descriptor.sql.BasicBinder      : binding parameter [2] as [TIMESTAMP] - [2022-08-20T02:24:00.893]
2022-08-20 02:24:00.894 TRACE 16121 --- [o-auto-1-exec-5] o.h.type.descriptor.sql.BasicBinder      : binding parameter [3] as [VARCHAR] - [bg-red-600]
2022-08-20 02:24:00.894 TRACE 16121 --- [o-auto-1-exec-5] o.h.type.descriptor.sql.BasicBinder      : binding parameter [4] as [VARCHAR] - [신분당선]
Hibernate: 
    insert 
    into
        section
        (id, distance, down_station_id, line_id, up_station_id) 
    values
        (null, ?, ?, ?, ?)
2022-08-20 02:24:00.897 TRACE 16121 --- [o-auto-1-exec-5] o.h.type.descriptor.sql.BasicBinder      : binding parameter [1] as [INTEGER] - [10]
2022-08-20 02:24:00.897 TRACE 16121 --- [o-auto-1-exec-5] o.h.type.descriptor.sql.BasicBinder      : binding parameter [2] as [BIGINT] - [4]
2022-08-20 02:24:00.898 TRACE 16121 --- [o-auto-1-exec-5] o.h.type.descriptor.sql.BasicBinder      : binding parameter [3] as [BIGINT] - [1]
2022-08-20 02:24:00.898 TRACE 16121 --- [o-auto-1-exec-5] o.h.type.descriptor.sql.BasicBinder      : binding parameter [4] as [BIGINT] - [1]
POST /lines HTTP/1.1
accept: */*
content-type: application/json; charset=UTF-8
content-length: 98
HTTP/1.1 201 
Location: /lines/1
Content-Type: application/json
Transfer-Encoding: chunked
Date: Fri, 19 Aug 2022 17:24:00 GMT
Keep-Alive: timeout=60
Connection: keep-alive

{
    "id": 1,
    "name": "신분당선",
    "color": "bg-red-600",
    "stations": [
        {
            "id": 1,
            "name": "강남역",
            "createdDate": "2022-08-20T02:24:00.812",
            "modifiedDate": "2022-08-20T02:24:00.812"
        },
        {
            "id": 4,
            "name": "광교역",
            "createdDate": "2022-08-20T02:24:00.869",
            "modifiedDate": "2022-08-20T02:24:00.869"
        }
    ],
    "createdDate": "2022-08-20T02:24:00.893",
    "modifiedDate": "2022-08-20T02:24:00.893"
}
host: localhost:37811
connection: Keep-Alive
user-agent: Apache-HttpClient/4.5.13 (Java/1.8.0_342)
accept-encoding: gzip,deflate



HTTP/1.1 201 Created
Transfer-Encoding: chunked
Keep-Alive: timeout=60
Connection: keep-alive
Date: Fri, 19 Aug 2022 17:24:00 GMT
Location: /lines/1
Content-Type: application/json



Request method:	POST
Request URI:	http://localhost:37811/lines/1/sections
Proxy:			<none>
Request params:	<none>
Query params:	<none>
Form params:	<none>
Path params:	<none>
Headers:		Accept=*/*
				Content-Type=application/json; charset=UTF-8
Cookies:		<none>
Multiparts:		<none>
Body:
{
    "distance": "3",
    "downStationId": "2",
    "upStationId": "3"
}
Hibernate: 
    select
        line0_.id as id1_1_0_,
        line0_.created_date as created_2_1_0_,
        line0_.modified_date as modified3_1_0_,
        line0_.color as color4_1_0_,
        line0_.name as name5_1_0_ 
    from
        line line0_ 
    where
        line0_.id=?
2022-08-20 02:24:00.934 TRACE 16121 --- [o-auto-1-exec-6] o.h.type.descriptor.sql.BasicBinder      : binding parameter [1] as [BIGINT] - [1]
2022-08-20 02:24:00.934 TRACE 16121 --- [o-auto-1-exec-6] o.h.type.descriptor.sql.BasicExtractor   : extracted value ([created_2_1_0_] : [TIMESTAMP]) - [2022-08-20T02:24:00.893]
2022-08-20 02:24:00.935 TRACE 16121 --- [o-auto-1-exec-6] o.h.type.descriptor.sql.BasicExtractor   : extracted value ([modified3_1_0_] : [TIMESTAMP]) - [2022-08-20T02:24:00.893]
2022-08-20 02:24:00.935 TRACE 16121 --- [o-auto-1-exec-6] o.h.type.descriptor.sql.BasicExtractor   : extracted value ([color4_1_0_] : [VARCHAR]) - [bg-red-600]
2022-08-20 02:24:00.935 TRACE 16121 --- [o-auto-1-exec-6] o.h.type.descriptor.sql.BasicExtractor   : extracted value ([name5_1_0_] : [VARCHAR]) - [신분당선]
Hibernate: 
    select
        station0_.id as id1_4_0_,
        station0_.created_date as created_2_4_0_,
        station0_.modified_date as modified3_4_0_,
        station0_.name as name4_4_0_ 
    from
        station station0_ 
    where
        station0_.id=?
2022-08-20 02:24:00.938 TRACE 16121 --- [o-auto-1-exec-6] o.h.type.descriptor.sql.BasicBinder      : binding parameter [1] as [BIGINT] - [3]
2022-08-20 02:24:00.938 TRACE 16121 --- [o-auto-1-exec-6] o.h.type.descriptor.sql.BasicExtractor   : extracted value ([created_2_4_0_] : [TIMESTAMP]) - [2022-08-20T02:24:00.850]
2022-08-20 02:24:00.938 TRACE 16121 --- [o-auto-1-exec-6] o.h.type.descriptor.sql.BasicExtractor   : extracted value ([modified3_4_0_] : [TIMESTAMP]) - [2022-08-20T02:24:00.850]
2022-08-20 02:24:00.938 TRACE 16121 --- [o-auto-1-exec-6] o.h.type.descriptor.sql.BasicExtractor   : extracted value ([name4_4_0_] : [VARCHAR]) - [정자역]
Hibernate: 
    select
        station0_.id as id1_4_0_,
        station0_.created_date as created_2_4_0_,
        station0_.modified_date as modified3_4_0_,
        station0_.name as name4_4_0_ 
    from
        station station0_ 
    where
        station0_.id=?
2022-08-20 02:24:00.939 TRACE 16121 --- [o-auto-1-exec-6] o.h.type.descriptor.sql.BasicBinder      : binding parameter [1] as [BIGINT] - [2]
2022-08-20 02:24:00.940 TRACE 16121 --- [o-auto-1-exec-6] o.h.type.descriptor.sql.BasicExtractor   : extracted value ([created_2_4_0_] : [TIMESTAMP]) - [2022-08-20T02:24:00.832]
2022-08-20 02:24:00.940 TRACE 16121 --- [o-auto-1-exec-6] o.h.type.descriptor.sql.BasicExtractor   : extracted value ([modified3_4_0_] : [TIMESTAMP]) - [2022-08-20T02:24:00.832]
2022-08-20 02:24:00.940 TRACE 16121 --- [o-auto-1-exec-6] o.h.type.descriptor.sql.BasicExtractor   : extracted value ([name4_4_0_] : [VARCHAR]) - [양재역]
Hibernate: 
    select
        sections0_.line_id as line_id4_3_0_,
        sections0_.id as id1_3_0_,
        sections0_.id as id1_3_1_,
        sections0_.distance as distance2_3_1_,
        sections0_.down_station_id as down_sta3_3_1_,
        sections0_.line_id as line_id4_3_1_,
        sections0_.up_station_id as up_stati5_3_1_,
        station1_.id as id1_4_2_,
        station1_.created_date as created_2_4_2_,
        station1_.modified_date as modified3_4_2_,
        station1_.name as name4_4_2_,
        station2_.id as id1_4_3_,
        station2_.created_date as created_2_4_3_,
        station2_.modified_date as modified3_4_3_,
        station2_.name as name4_4_3_ 
    from
        section sections0_ 
    left outer join
        station station1_ 
            on sections0_.down_station_id=station1_.id 
    left outer join
        station station2_ 
            on sections0_.up_station_id=station2_.id 
    where
        sections0_.line_id=?
2022-08-20 02:24:00.941 TRACE 16121 --- [o-auto-1-exec-6] o.h.type.descriptor.sql.BasicBinder      : binding parameter [1] as [BIGINT] - [1]
2022-08-20 02:24:00.941 TRACE 16121 --- [o-auto-1-exec-6] o.h.type.descriptor.sql.BasicExtractor   : extracted value ([id1_3_1_] : [BIGINT]) - [1]
2022-08-20 02:24:00.941 TRACE 16121 --- [o-auto-1-exec-6] o.h.type.descriptor.sql.BasicExtractor   : extracted value ([id1_4_2_] : [BIGINT]) - [4]
2022-08-20 02:24:00.941 TRACE 16121 --- [o-auto-1-exec-6] o.h.type.descriptor.sql.BasicExtractor   : extracted value ([id1_4_3_] : [BIGINT]) - [1]
2022-08-20 02:24:00.942 TRACE 16121 --- [o-auto-1-exec-6] o.h.type.descriptor.sql.BasicExtractor   : extracted value ([distance2_3_1_] : [INTEGER]) - [10]
2022-08-20 02:24:00.942 TRACE 16121 --- [o-auto-1-exec-6] o.h.type.descriptor.sql.BasicExtractor   : extracted value ([down_sta3_3_1_] : [BIGINT]) - [4]
2022-08-20 02:24:00.942 TRACE 16121 --- [o-auto-1-exec-6] o.h.type.descriptor.sql.BasicExtractor   : extracted value ([line_id4_3_1_] : [BIGINT]) - [1]
2022-08-20 02:24:00.942 TRACE 16121 --- [o-auto-1-exec-6] o.h.type.descriptor.sql.BasicExtractor   : extracted value ([up_stati5_3_1_] : [BIGINT]) - [1]
2022-08-20 02:24:00.942 TRACE 16121 --- [o-auto-1-exec-6] o.h.type.descriptor.sql.BasicExtractor   : extracted value ([created_2_4_2_] : [TIMESTAMP]) - [2022-08-20T02:24:00.869]
2022-08-20 02:24:00.942 TRACE 16121 --- [o-auto-1-exec-6] o.h.type.descriptor.sql.BasicExtractor   : extracted value ([modified3_4_2_] : [TIMESTAMP]) - [2022-08-20T02:24:00.869]
2022-08-20 02:24:00.942 TRACE 16121 --- [o-auto-1-exec-6] o.h.type.descriptor.sql.BasicExtractor   : extracted value ([name4_4_2_] : [VARCHAR]) - [광교역]
2022-08-20 02:24:00.942 TRACE 16121 --- [o-auto-1-exec-6] o.h.type.descriptor.sql.BasicExtractor   : extracted value ([created_2_4_3_] : [TIMESTAMP]) - [2022-08-20T02:24:00.812]
2022-08-20 02:24:00.942 TRACE 16121 --- [o-auto-1-exec-6] o.h.type.descriptor.sql.BasicExtractor   : extracted value ([modified3_4_3_] : [TIMESTAMP]) - [2022-08-20T02:24:00.812]
2022-08-20 02:24:00.943 TRACE 16121 --- [o-auto-1-exec-6] o.h.type.descriptor.sql.BasicExtractor   : extracted value ([name4_4_3_] : [VARCHAR]) - [강남역]
2022-08-20 02:24:00.943 TRACE 16121 --- [o-auto-1-exec-6] o.h.type.descriptor.sql.BasicExtractor   : extracted value ([line_id4_3_0_] : [BIGINT]) - [1]
2022-08-20 02:24:00.943 TRACE 16121 --- [o-auto-1-exec-6] o.h.type.descriptor.sql.BasicExtractor   : extracted value ([id1_3_0_] : [BIGINT]) - [1]
2022-08-20 02:24:00.951 ERROR 16121 --- [o-auto-1-exec-6] o.a.c.c.C.[.[.[/].[dispatcherServlet]    : Servlet.service() for servlet [dispatcherServlet] in context with path [] threw exception [Request processing failed; nested exception is java.lang.IllegalArgumentException: 등록할 수 없는 구간 입니다.] with root cause

java.lang.IllegalArgumentException: 등록할 수 없는 구간 입니다.
	at nextstep.subway.line.domain.Line.valid(Line.java:154) ~[main/:na]
	at nextstep.subway.line.domain.Line.addLineSection(Line.java:48) ~[main/:na]
	at nextstep.subway.line.application.LineService.addLineStation(LineService.java:68) ~[main/:na]
	at nextstep.subway.line.application.LineService$$FastClassBySpringCGLIB$$c48cb19.invoke(<generated>) ~[main/:na]
	at org.springframework.cglib.proxy.MethodProxy.invoke(MethodProxy.java:218) ~[spring-core-5.3.1.jar:5.3.1]
	at org.springframework.aop.framework.CglibAopProxy$CglibMethodInvocation.invokeJoinpoint(CglibAopProxy.java:771) ~[spring-aop-5.3.1.jar:5.3.1]
	at org.springframework.aop.framework.ReflectiveMethodInvocation.proceed(ReflectiveMethodInvocation.java:163) ~[spring-aop-5.3.1.jar:5.3.1]
	at org.springframework.aop.framework.CglibAopProxy$CglibMethodInvocation.proceed(CglibAopProxy.java:749) ~[spring-aop-5.3.1.jar:5.3.1]
	at org.springframework.transaction.interceptor.TransactionAspectSupport.invokeWithinTransaction(TransactionAspectSupport.java:371) ~[spring-tx-5.3.1.jar:5.3.1]
	at org.springframework.transaction.interceptor.TransactionInterceptor.invoke(TransactionInterceptor.java:134) ~[spring-tx-5.3.1.jar:5.3.1]
	at org.springframework.aop.framework.ReflectiveMethodInvocation.proceed(ReflectiveMethodInvocation.java:186) ~[spring-aop-5.3.1.jar:5.3.1]
	at org.springframework.aop.framework.CglibAopProxy$CglibMethodInvocation.proceed(CglibAopProxy.java:749) ~[spring-aop-5.3.1.jar:5.3.1]
	at org.springframework.aop.framework.CglibAopProxy$DynamicAdvisedInterceptor.intercept(CglibAopProxy.java:691) ~[spring-aop-5.3.1.jar:5.3.1]
	at nextstep.subway.line.application.LineService$$EnhancerBySpringCGLIB$$c1726d8d.addLineStation(<generated>) ~[main/:na]
	at nextstep.subway.line.ui.LineController.addLineStation(LineController.java:53) ~[main/:na]
	at sun.reflect.NativeMethodAccessorImpl.invoke0(Native Method) ~[na:1.8.0_342]
	at sun.reflect.NativeMethodAccessorImpl.invoke(NativeMethodAccessorImpl.java:62) ~[na:1.8.0_342]
	at sun.reflect.DelegatingMethodAccessorImpl.invoke(DelegatingMethodAccessorImpl.java:43) ~[na:1.8.0_342]
	at java.lang.reflect.Method.invoke(Method.java:498) ~[na:1.8.0_342]
	at org.springframework.web.method.support.InvocableHandlerMethod.doInvoke(InvocableHandlerMethod.java:197) ~[spring-web-5.3.1.jar:5.3.1]
	at org.springframework.web.method.support.InvocableHandlerMethod.invokeForRequest(InvocableHandlerMethod.java:141) ~[spring-web-5.3.1.jar:5.3.1]
	at org.springframework.web.servlet.mvc.method.annotation.ServletInvocableHandlerMethod.invokeAndHandle(ServletInvocableHandlerMethod.java:106) ~[spring-webmvc-5.3.1.jar:5.3.1]
	at org.springframework.web.servlet.mvc.method.annotation.RequestMappingHandlerAdapter.invokeHandlerMethod(RequestMappingHandlerAdapter.java:893) ~[spring-webmvc-5.3.1.jar:5.3.1]
	at org.springframework.web.servlet.mvc.method.annotation.RequestMappingHandlerAdapter.handleInternal(RequestMappingHandlerAdapter.java:807) ~[spring-webmvc-5.3.1.jar:5.3.1]
	at org.springframework.web.servlet.mvc.method.AbstractHandlerMethodAdapter.handle(AbstractHandlerMethodAdapter.java:87) ~[spring-webmvc-5.3.1.jar:5.3.1]
	at org.springframework.web.servlet.DispatcherServlet.doDispatch(DispatcherServlet.java:1061) ~[spring-webmvc-5.3.1.jar:5.3.1]
	at org.springframework.web.servlet.DispatcherServlet.doService(DispatcherServlet.java:961) ~[spring-webmvc-5.3.1.jar:5.3.1]
	at org.springframework.web.servlet.FrameworkServlet.processRequest(FrameworkServlet.java:1006) ~[spring-webmvc-5.3.1.jar:5.3.1]
	at org.springframework.web.servlet.FrameworkServlet.doPost(FrameworkServlet.java:909) ~[spring-webmvc-5.3.1.jar:5.3.1]
	at javax.servlet.http.HttpServlet.service(HttpServlet.java:652) ~[tomcat-embed-core-9.0.39.jar:4.0.FR]
	at org.springframework.web.servlet.FrameworkServlet.service(FrameworkServlet.java:883) ~[spring-webmvc-5.3.1.jar:5.3.1]
	at javax.servlet.http.HttpServlet.service(HttpServlet.java:733) ~[tomcat-embed-core-9.0.39.jar:4.0.FR]
	at org.apache.catalina.core.ApplicationFilterChain.internalDoFilter(ApplicationFilterChain.java:231) ~[tomcat-embed-core-9.0.39.jar:9.0.39]
	at org.apache.catalina.core.ApplicationFilterChain.doFilter(ApplicationFilterChain.java:166) ~[tomcat-embed-core-9.0.39.jar:9.0.39]
	at org.apache.tomcat.websocket.server.WsFilter.doFilter(WsFilter.java:53) ~[tomcat-embed-websocket-9.0.39.jar:9.0.39]
	at org.apache.catalina.core.ApplicationFilterChain.internalDoFilter(ApplicationFilterChain.java:193) ~[tomcat-embed-core-9.0.39.jar:9.0.39]
	at org.apache.catalina.core.ApplicationFilterChain.doFilter(ApplicationFilterChain.java:166) ~[tomcat-embed-core-9.0.39.jar:9.0.39]
	at org.springframework.web.filter.RequestContextFilter.doFilterInternal(RequestContextFilter.java:100) ~[spring-web-5.3.1.jar:5.3.1]
	at org.springframework.web.filter.OncePerRequestFilter.doFilter(OncePerRequestFilter.java:119) ~[spring-web-5.3.1.jar:5.3.1]
	at org.apache.catalina.core.ApplicationFilterChain.internalDoFilter(ApplicationFilterChain.java:193) ~[tomcat-embed-core-9.0.39.jar:9.0.39]
	at org.apache.catalina.core.ApplicationFilterChain.doFilter(ApplicationFilterChain.java:166) ~[tomcat-embed-core-9.0.39.jar:9.0.39]
	at org.springframework.web.filter.FormContentFilter.doFilterInternal(FormContentFilter.java:93) ~[spring-web-5.3.1.jar:5.3.1]
	at org.springframework.web.filter.OncePerRequestFilter.doFilter(OncePerRequestFilter.java:119) ~[spring-web-5.3.1.jar:5.3.1]
	at org.apache.catalina.core.ApplicationFilterChain.internalDoFilter(ApplicationFilterChain.java:193) ~[tomcat-embed-core-9.0.39.jar:9.0.39]
	at org.apache.catalina.core.ApplicationFilterChain.doFilter(ApplicationFilterChain.java:166) ~[tomcat-embed-core-9.0.39.jar:9.0.39]
	at org.springframework.web.filter.CharacterEncodingFilter.doFilterInternal(CharacterEncodingFilter.java:201) ~[spring-web-5.3.1.jar:5.3.1]
	at org.springframework.web.filter.OncePerRequestFilter.doFilter(OncePerRequestFilter.java:119) ~[spring-web-5.3.1.jar:5.3.1]
	at org.apache.catalina.core.ApplicationFilterChain.internalDoFilter(ApplicationFilterChain.java:193) ~[tomcat-embed-core-9.0.39.jar:9.0.39]
	at org.apache.catalina.core.ApplicationFilterChain.doFilter(ApplicationFilterChain.java:166) ~[tomcat-embed-core-9.0.39.jar:9.0.39]
	at org.apache.catalina.core.StandardWrapperValve.invoke(StandardWrapperValve.java:202) ~[tomcat-embed-core-9.0.39.jar:9.0.39]
	at org.apache.catalina.core.StandardContextValve.invoke(StandardContextValve.java:97) [tomcat-embed-core-9.0.39.jar:9.0.39]
	at org.apache.catalina.authenticator.AuthenticatorBase.invoke(AuthenticatorBase.java:542) [tomcat-embed-core-9.0.39.jar:9.0.39]
	at org.apache.catalina.core.StandardHostValve.invoke(StandardHostValve.java:143) [tomcat-embed-core-9.0.39.jar:9.0.39]
	at org.apache.catalina.valves.ErrorReportValve.invoke(ErrorReportValve.java:92) [tomcat-embed-core-9.0.39.jar:9.0.39]
	at org.apache.catalina.core.StandardEngineValve.invoke(StandardEngineValve.java:78) [tomcat-embed-core-9.0.39.jar:9.0.39]
	at net.rakugakibox.spring.boot.logback.access.tomcat.LogbackAccessTomcatValve.invoke(LogbackAccessTomcatValve.java:91) [logback-access-spring-boot-starter-2.7.1.jar:2.7.1]
	at org.apache.catalina.connector.CoyoteAdapter.service(CoyoteAdapter.java:343) [tomcat-embed-core-9.0.39.jar:9.0.39]
	at org.apache.coyote.http11.Http11Processor.service(Http11Processor.java:374) [tomcat-embed-core-9.0.39.jar:9.0.39]
	at org.apache.coyote.AbstractProcessorLight.process(AbstractProcessorLight.java:65) [tomcat-embed-core-9.0.39.jar:9.0.39]
	at org.apache.coyote.AbstractProtocol$ConnectionHandler.process(AbstractProtocol.java:868) [tomcat-embed-core-9.0.39.jar:9.0.39]
	at org.apache.tomcat.util.net.NioEndpoint$SocketProcessor.doRun(NioEndpoint.java:1590) [tomcat-embed-core-9.0.39.jar:9.0.39]
	at org.apache.tomcat.util.net.SocketProcessorBase.run(SocketProcessorBase.java:49) [tomcat-embed-core-9.0.39.jar:9.0.39]
	at java.util.concurrent.ThreadPoolExecutor.runWorker(ThreadPoolExecutor.java:1149) [na:1.8.0_342]
	at java.util.concurrent.ThreadPoolExecutor$Worker.run(ThreadPoolExecutor.java:624) [na:1.8.0_342]
	at org.apache.tomcat.util.threads.TaskThread$WrappingRunnable.run(TaskThread.java:61) [tomcat-embed-core-9.0.39.jar:9.0.39]
	at java.lang.Thread.run(Thread.java:750) [na:1.8.0_342]

HTTP/1.1 500 
Content-Type: application/json
Transfer-Encoding: chunked
Date: Fri, 19 Aug 2022 17:24:00 GMT
Connection: close

{
    "timestamp": "2022-08-19T17:24:00.958+00:00",
    "status": 500,
    "error": "Internal Server Error",
    "message": "",
    "path": "/lines/1/sections"
}
Hibernate: 
    
SET
    REFERENTIAL_INTEGRITY FALSE
Hibernate: 
    TRUNCATE TABLE section
Hibernate: 
    ALTER TABLE section ALTER COLUMN ID RESTART WITH 1
Hibernate: 
    TRUNCATE TABLE line
Hibernate: 
    ALTER TABLE line ALTER COLUMN ID RESTART WITH 1
Hibernate: 
    TRUNCATE TABLE favorite
POST /lines/1/sections HTTP/1.1
accept: */*
content-type: application/json; charset=UTF-8
content-length: 54
host: localhost:37811
connection: Keep-Alive
user-agent: Apache-HttpClient/4.5.13 (Java/1.8.0_342)
accept-encoding: gzip,deflate



HTTP/1.1 500 Internal Server Error
Transfer-Encoding: chunked
Connection: close
Date: Fri, 19 Aug 2022 17:24:00 GMT
Content-Type: application/json



Hibernate: 
    ALTER TABLE favorite ALTER COLUMN ID RESTART WITH 1
Hibernate: 
    TRUNCATE TABLE station
Hibernate: 
    ALTER TABLE station ALTER COLUMN ID RESTART WITH 1
Hibernate: 
    TRUNCATE TABLE member
Hibernate: 
    ALTER TABLE member ALTER COLUMN ID RESTART WITH 1
Hibernate: 
    
SET
    REFERENTIAL_INTEGRITY TRUE
Request method:	POST
Request URI:	http://localhost:37811/stations
Proxy:			<none>
Request params:	<none>
Query params:	<none>
Form params:	<none>
Path params:	<none>
Headers:		Accept=*/*
				Content-Type=application/json; charset=UTF-8
Cookies:		<none>
Multiparts:		<none>
Body:
{
    "name": "강남역"
}
Hibernate: 
    insert 
    into
        station
        (id, created_date, modified_date, name) 
    values
        (null, ?, ?, ?)
2022-08-20 02:24:00.985 TRACE 16121 --- [o-auto-1-exec-7] o.h.type.descriptor.sql.BasicBinder      : binding parameter [1] as [TIMESTAMP] - [2022-08-20T02:24:00.984]
2022-08-20 02:24:00.985 TRACE 16121 --- [o-auto-1-exec-7] o.h.type.descriptor.sql.BasicBinder      : binding parameter [2] as [TIMESTAMP] - [2022-08-20T02:24:00.984]
2022-08-20 02:24:00.986 TRACE 16121 --- [o-auto-1-exec-7] o.h.type.descriptor.sql.BasicBinder      : binding parameter [3] as [VARCHAR] - [강남역]
POST /stations HTTP/1.1
accept: */*
content-type: application/json; charset=UTF-8
content-length: 20
host: localhost:37811
connection: Keep-Alive
user-agent: Apache-HttpClient/4.5.13 (Java/1.8.0_342)
accept-encoding: gzip,deflate



HTTP/1.1 201 Created
Transfer-Encoding: chunked
Keep-Alive: timeout=60
Connection: keep-alive
Date: Fri, 19 Aug 2022 17:24:00 GMT
Location: /stations/1
Content-Type: application/json



HTTP/1.1 201 
Location: /stations/1
Content-Type: application/json
Transfer-Encoding: chunked
Date: Fri, 19 Aug 2022 17:24:00 GMT
Keep-Alive: timeout=60
Connection: keep-alive

{
    "id": 1,
    "name": "강남역",
    "createdDate": "2022-08-20T02:24:00.984",
    "modifiedDate": "2022-08-20T02:24:00.984"
}
Request method:	POST
Request URI:	http://localhost:37811/stations
Proxy:			<none>
Request params:	<none>
Query params:	<none>
Form params:	<none>
Path params:	<none>
Headers:		Accept=*/*
				Content-Type=application/json; charset=UTF-8
Cookies:		<none>
Multiparts:		<none>
Body:
{
    "name": "양재역"
}
Hibernate: 
    insert 
    into
        station
        (id, created_date, modified_date, name) 
    values
        (null, ?, ?, ?)
2022-08-20 02:24:01.005 TRACE 16121 --- [o-auto-1-exec-8] o.h.type.descriptor.sql.BasicBinder      : binding parameter [1] as [TIMESTAMP] - [2022-08-20T02:24:01.004]
2022-08-20 02:24:01.005 TRACE 16121 --- [o-auto-1-exec-8] o.h.type.descriptor.sql.BasicBinder      : binding parameter [2] as [TIMESTAMP] - [2022-08-20T02:24:01.004]
2022-08-20 02:24:01.005 TRACE 16121 --- [o-auto-1-exec-8] o.h.type.descriptor.sql.BasicBinder      : binding parameter [3] as [VARCHAR] - [양재역]
POST /stations HTTP/1.1
accept: */*
content-type: application/json; charset=UTF-8
content-length: 20
host: localhost:37811
connection: Keep-Alive
user-agent: Apache-HttpClient/4.5.13 (Java/1.8.0_342)
accept-encoding: gzip,deflate



HTTP/1.1 201 Created
Transfer-Encoding: chunked
Keep-Alive: timeout=60
Connection: keep-alive
Date: Fri, 19 Aug 2022 17:24:00 GMT
Location: /stations/2
Content-Type: application/json



HTTP/1.1 201 
Location: /stations/2
Content-Type: application/json
Transfer-Encoding: chunked
Date: Fri, 19 Aug 2022 17:24:00 GMT
Keep-Alive: timeout=60
Connection: keep-alive

{
    "id": 2,
    "name": "양재역",
    "createdDate": "2022-08-20T02:24:01.004",
    "modifiedDate": "2022-08-20T02:24:01.004"
}
Request method:	POST
Request URI:	http://localhost:37811/stations
Proxy:			<none>
Request params:	<none>
Query params:	<none>
Form params:	<none>
Path params:	<none>
Headers:		Accept=*/*
				Content-Type=application/json; charset=UTF-8
Cookies:		<none>
Multiparts:		<none>
Body:
{
    "name": "정자역"
}
Hibernate: 
    insert 
    into
        station
        (id, created_date, modified_date, name) 
    values
        (null, ?, ?, ?)
2022-08-20 02:24:01.021 TRACE 16121 --- [o-auto-1-exec-9] o.h.type.descriptor.sql.BasicBinder      : binding parameter [1] as [TIMESTAMP] - [2022-08-20T02:24:01.020]
2022-08-20 02:24:01.021 TRACE 16121 --- [o-auto-1-exec-9] o.h.type.descriptor.sql.BasicBinder      : binding parameter [2] as [TIMESTAMP] - [2022-08-20T02:24:01.020]
2022-08-20 02:24:01.021 TRACE 16121 --- [o-auto-1-exec-9] o.h.type.descriptor.sql.BasicBinder      : binding parameter [3] as [VARCHAR] - [정자역]
POST /stations HTTP/1.1
accept: */*
content-type: application/json; charset=UTF-8
content-length: 20
host: localhost:37811
connection: Keep-Alive
user-agent: Apache-HttpClient/4.5.13 (Java/1.8.0_342)
accept-encoding: gzip,deflate



HTTP/1.1 201 Created
Transfer-Encoding: chunked
Keep-Alive: timeout=60
Connection: keep-alive
Date: Fri, 19 Aug 2022 17:24:00 GMT
Location: /stations/3
Content-Type: application/json



HTTP/1.1 201 
Location: /stations/3
Content-Type: application/json
Transfer-Encoding: chunked
Date: Fri, 19 Aug 2022 17:24:00 GMT
Keep-Alive: timeout=60
Connection: keep-alive

{
    "id": 3,
    "name": "정자역",
    "createdDate": "2022-08-20T02:24:01.02",
    "modifiedDate": "2022-08-20T02:24:01.02"
}
Request method:	POST
Request URI:	http://localhost:37811/stations
Proxy:			<none>
Request params:	<none>
Query params:	<none>
Form params:	<none>
Path params:	<none>
Headers:		Accept=*/*
				Content-Type=application/json; charset=UTF-8
Cookies:		<none>
Multiparts:		<none>
Body:
{
    "name": "광교역"
}
Hibernate: 
    insert 
    into
        station
        (id, created_date, modified_date, name) 
    values
        (null, ?, ?, ?)
2022-08-20 02:24:01.036 TRACE 16121 --- [-auto-1-exec-10] o.h.type.descriptor.sql.BasicBinder      : binding parameter [1] as [TIMESTAMP] - [2022-08-20T02:24:01.036]
2022-08-20 02:24:01.037 TRACE 16121 --- [-auto-1-exec-10] o.h.type.descriptor.sql.BasicBinder      : binding parameter [2] as [TIMESTAMP] - [2022-08-20T02:24:01.036]
2022-08-20 02:24:01.037 TRACE 16121 --- [-auto-1-exec-10] o.h.type.descriptor.sql.BasicBinder      : binding parameter [3] as [VARCHAR] - [광교역]
HTTP/1.1 201 
Location: /stations/4
Content-Type: application/json
Transfer-Encoding: chunked
Date: Fri, 19 Aug 2022 17:24:00 GMT
Keep-Alive: timeout=60
Connection: keep-alive

{
    "id": 4,
    "name": "광교역",
    "createdDate": "2022-08-20T02:24:01.036",
    "modifiedDate": "2022-08-20T02:24:01.036"
}
POST /stations HTTP/1.1
accept: */*
content-type: application/json; charset=UTF-8
content-length: 20
host: localhost:37811
connection: Keep-Alive
user-agent: Apache-HttpClient/4.5.13 (Java/1.8.0_342)
accept-encoding: gzip,deflate



HTTP/1.1 201 Created
Transfer-Encoding: chunked
Keep-Alive: timeout=60
Connection: keep-alive
Date: Fri, 19 Aug 2022 17:24:00 GMT
Location: /stations/4
Content-Type: application/json



Request method:	POST
Request URI:	http://localhost:37811/lines
Proxy:			<none>
Request params:	<none>
Query params:	<none>
Form params:	<none>
Path params:	<none>
Headers:		Accept=*/*
				Content-Type=application/json; charset=UTF-8
Cookies:		<none>
Multiparts:		<none>
Body:
{
    "color": "bg-red-600",
    "distance": "10",
    "name": "신분당선",
    "downStationId": "4",
    "upStationId": "1"
}
Hibernate: 
    select
        station0_.id as id1_4_0_,
        station0_.created_date as created_2_4_0_,
        station0_.modified_date as modified3_4_0_,
        station0_.name as name4_4_0_ 
    from
        station station0_ 
    where
        station0_.id=?
2022-08-20 02:24:01.055 TRACE 16121 --- [o-auto-1-exec-1] o.h.type.descriptor.sql.BasicBinder      : binding parameter [1] as [BIGINT] - [1]
2022-08-20 02:24:01.056 TRACE 16121 --- [o-auto-1-exec-1] o.h.type.descriptor.sql.BasicExtractor   : extracted value ([created_2_4_0_] : [TIMESTAMP]) - [2022-08-20T02:24:00.984]
2022-08-20 02:24:01.056 TRACE 16121 --- [o-auto-1-exec-1] o.h.type.descriptor.sql.BasicExtractor   : extracted value ([modified3_4_0_] : [TIMESTAMP]) - [2022-08-20T02:24:00.984]
2022-08-20 02:24:01.056 TRACE 16121 --- [o-auto-1-exec-1] o.h.type.descriptor.sql.BasicExtractor   : extracted value ([name4_4_0_] : [VARCHAR]) - [강남역]
Hibernate: 
    select
        station0_.id as id1_4_0_,
        station0_.created_date as created_2_4_0_,
        station0_.modified_date as modified3_4_0_,
        station0_.name as name4_4_0_ 
    from
        station station0_ 
    where
        station0_.id=?
2022-08-20 02:24:01.057 TRACE 16121 --- [o-auto-1-exec-1] o.h.type.descriptor.sql.BasicBinder      : binding parameter [1] as [BIGINT] - [4]
2022-08-20 02:24:01.058 TRACE 16121 --- [o-auto-1-exec-1] o.h.type.descriptor.sql.BasicExtractor   : extracted value ([created_2_4_0_] : [TIMESTAMP]) - [2022-08-20T02:24:01.036]
2022-08-20 02:24:01.058 TRACE 16121 --- [o-auto-1-exec-1] o.h.type.descriptor.sql.BasicExtractor   : extracted value ([modified3_4_0_] : [TIMESTAMP]) - [2022-08-20T02:24:01.036]
2022-08-20 02:24:01.059 TRACE 16121 --- [o-auto-1-exec-1] o.h.type.descriptor.sql.BasicExtractor   : extracted value ([name4_4_0_] : [VARCHAR]) - [광교역]
Hibernate: 
    insert 
    into
        line
        (id, created_date, modified_date, color, name) 
    values
        (null, ?, ?, ?, ?)
2022-08-20 02:24:01.062 TRACE 16121 --- [o-auto-1-exec-1] o.h.type.descriptor.sql.BasicBinder      : binding parameter [1] as [TIMESTAMP] - [2022-08-20T02:24:01.059]
2022-08-20 02:24:01.063 TRACE 16121 --- [o-auto-1-exec-1] o.h.type.descriptor.sql.BasicBinder      : binding parameter [2] as [TIMESTAMP] - [2022-08-20T02:24:01.059]
2022-08-20 02:24:01.063 TRACE 16121 --- [o-auto-1-exec-1] o.h.type.descriptor.sql.BasicBinder      : binding parameter [3] as [VARCHAR] - [bg-red-600]
2022-08-20 02:24:01.063 TRACE 16121 --- [o-auto-1-exec-1] o.h.type.descriptor.sql.BasicBinder      : binding parameter [4] as [VARCHAR] - [신분당선]
Hibernate: 
    insert 
    into
        section
        (id, distance, down_station_id, line_id, up_station_id) 
    values
        (null, ?, ?, ?, ?)
2022-08-20 02:24:01.064 TRACE 16121 --- [o-auto-1-exec-1] o.h.type.descriptor.sql.BasicBinder      : binding parameter [1] as [INTEGER] - [10]
2022-08-20 02:24:01.065 TRACE 16121 --- [o-auto-1-exec-1] o.h.type.descriptor.sql.BasicBinder      : binding parameter [2] as [BIGINT] - [4]
2022-08-20 02:24:01.066 TRACE 16121 --- [o-auto-1-exec-1] o.h.type.descriptor.sql.BasicBinder      : binding parameter [3] as [BIGINT] - [1]
2022-08-20 02:24:01.072 TRACE 16121 --- [o-auto-1-exec-1] o.h.type.descriptor.sql.BasicBinder      : binding parameter [4] as [BIGINT] - [1]
POST /lines HTTP/1.1
accept: */*
content-type: application/json; charset=UTF-8
content-length: 98
host: localhost:37811
connection: Keep-Alive
user-agent: Apache-HttpClient/4.5.13 (Java/1.8.0_342)
accept-encoding: gzip,deflate



HTTP/1.1 201 Created
Transfer-Encoding: chunked
Keep-Alive: timeout=60
Connection: keep-alive
Date: Fri, 19 Aug 2022 17:24:00 GMT
Location: /lines/1
Content-Type: application/json



HTTP/1.1 201 
Location: /lines/1
Content-Type: application/json
Transfer-Encoding: chunked
Date: Fri, 19 Aug 2022 17:24:00 GMT
Keep-Alive: timeout=60
Connection: keep-alive

{
    "id": 1,
    "name": "신분당선",
    "color": "bg-red-600",
    "stations": [
        {
            "id": 1,
            "name": "강남역",
            "createdDate": "2022-08-20T02:24:00.984",
            "modifiedDate": "2022-08-20T02:24:00.984"
        },
        {
            "id": 4,
            "name": "광교역",
            "createdDate": "2022-08-20T02:24:01.036",
            "modifiedDate": "2022-08-20T02:24:01.036"
        }
    ],
    "createdDate": "2022-08-20T02:24:01.059",
    "modifiedDate": "2022-08-20T02:24:01.059"
}
Request method:	POST
Request URI:	http://localhost:37811/lines/1/sections
Proxy:			<none>
Request params:	<none>
Query params:	<none>
Form params:	<none>
Path params:	<none>
Headers:		Accept=*/*
				Content-Type=application/json; charset=UTF-8
Cookies:		<none>
Multiparts:		<none>
Body:
{
    "distance": "3",
    "downStationId": "4",
    "upStationId": "1"
}
Hibernate: 
    select
        line0_.id as id1_1_0_,
        line0_.created_date as created_2_1_0_,
        line0_.modified_date as modified3_1_0_,
        line0_.color as color4_1_0_,
        line0_.name as name5_1_0_ 
    from
        line line0_ 
    where
        line0_.id=?
2022-08-20 02:24:01.100 TRACE 16121 --- [o-auto-1-exec-2] o.h.type.descriptor.sql.BasicBinder      : binding parameter [1] as [BIGINT] - [1]
2022-08-20 02:24:01.101 TRACE 16121 --- [o-auto-1-exec-2] o.h.type.descriptor.sql.BasicExtractor   : extracted value ([created_2_1_0_] : [TIMESTAMP]) - [2022-08-20T02:24:01.059]
2022-08-20 02:24:01.101 TRACE 16121 --- [o-auto-1-exec-2] o.h.type.descriptor.sql.BasicExtractor   : extracted value ([modified3_1_0_] : [TIMESTAMP]) - [2022-08-20T02:24:01.059]
2022-08-20 02:24:01.101 TRACE 16121 --- [o-auto-1-exec-2] o.h.type.descriptor.sql.BasicExtractor   : extracted value ([color4_1_0_] : [VARCHAR]) - [bg-red-600]
2022-08-20 02:24:01.102 TRACE 16121 --- [o-auto-1-exec-2] o.h.type.descriptor.sql.BasicExtractor   : extracted value ([name5_1_0_] : [VARCHAR]) - [신분당선]
Hibernate: 
    select
        station0_.id as id1_4_0_,
        station0_.created_date as created_2_4_0_,
        station0_.modified_date as modified3_4_0_,
        station0_.name as name4_4_0_ 
    from
        station station0_ 
    where
        station0_.id=?
2022-08-20 02:24:01.103 TRACE 16121 --- [o-auto-1-exec-2] o.h.type.descriptor.sql.BasicBinder      : binding parameter [1] as [BIGINT] - [1]
2022-08-20 02:24:01.103 TRACE 16121 --- [o-auto-1-exec-2] o.h.type.descriptor.sql.BasicExtractor   : extracted value ([created_2_4_0_] : [TIMESTAMP]) - [2022-08-20T02:24:00.984]
2022-08-20 02:24:01.104 TRACE 16121 --- [o-auto-1-exec-2] o.h.type.descriptor.sql.BasicExtractor   : extracted value ([modified3_4_0_] : [TIMESTAMP]) - [2022-08-20T02:24:00.984]
2022-08-20 02:24:01.104 TRACE 16121 --- [o-auto-1-exec-2] o.h.type.descriptor.sql.BasicExtractor   : extracted value ([name4_4_0_] : [VARCHAR]) - [강남역]
Hibernate: 
    select
        station0_.id as id1_4_0_,
        station0_.created_date as created_2_4_0_,
        station0_.modified_date as modified3_4_0_,
        station0_.name as name4_4_0_ 
    from
        station station0_ 
    where
        station0_.id=?
2022-08-20 02:24:01.105 TRACE 16121 --- [o-auto-1-exec-2] o.h.type.descriptor.sql.BasicBinder      : binding parameter [1] as [BIGINT] - [4]
2022-08-20 02:24:01.105 TRACE 16121 --- [o-auto-1-exec-2] o.h.type.descriptor.sql.BasicExtractor   : extracted value ([created_2_4_0_] : [TIMESTAMP]) - [2022-08-20T02:24:01.036]
2022-08-20 02:24:01.106 TRACE 16121 --- [o-auto-1-exec-2] o.h.type.descriptor.sql.BasicExtractor   : extracted value ([modified3_4_0_] : [TIMESTAMP]) - [2022-08-20T02:24:01.036]
2022-08-20 02:24:01.106 TRACE 16121 --- [o-auto-1-exec-2] o.h.type.descriptor.sql.BasicExtractor   : extracted value ([name4_4_0_] : [VARCHAR]) - [광교역]
Hibernate: 
    select
        sections0_.line_id as line_id4_3_0_,
        sections0_.id as id1_3_0_,
        sections0_.id as id1_3_1_,
        sections0_.distance as distance2_3_1_,
        sections0_.down_station_id as down_sta3_3_1_,
        sections0_.line_id as line_id4_3_1_,
        sections0_.up_station_id as up_stati5_3_1_,
        station1_.id as id1_4_2_,
        station1_.created_date as created_2_4_2_,
        station1_.modified_date as modified3_4_2_,
        station1_.name as name4_4_2_,
        station2_.id as id1_4_3_,
        station2_.created_date as created_2_4_3_,
        station2_.modified_date as modified3_4_3_,
        station2_.name as name4_4_3_ 
    from
        section sections0_ 
    left outer join
        station station1_ 
            on sections0_.down_station_id=station1_.id 
    left outer join
        station station2_ 
            on sections0_.up_station_id=station2_.id 
    where
        sections0_.line_id=?
2022-08-20 02:24:01.113 TRACE 16121 --- [o-auto-1-exec-2] o.h.type.descriptor.sql.BasicBinder      : binding parameter [1] as [BIGINT] - [1]
2022-08-20 02:24:01.114 TRACE 16121 --- [o-auto-1-exec-2] o.h.type.descriptor.sql.BasicExtractor   : extracted value ([id1_3_1_] : [BIGINT]) - [1]
2022-08-20 02:24:01.114 TRACE 16121 --- [o-auto-1-exec-2] o.h.type.descriptor.sql.BasicExtractor   : extracted value ([id1_4_2_] : [BIGINT]) - [4]
2022-08-20 02:24:01.114 TRACE 16121 --- [o-auto-1-exec-2] o.h.type.descriptor.sql.BasicExtractor   : extracted value ([id1_4_3_] : [BIGINT]) - [1]
2022-08-20 02:24:01.115 TRACE 16121 --- [o-auto-1-exec-2] o.h.type.descriptor.sql.BasicExtractor   : extracted value ([distance2_3_1_] : [INTEGER]) - [10]
2022-08-20 02:24:01.115 TRACE 16121 --- [o-auto-1-exec-2] o.h.type.descriptor.sql.BasicExtractor   : extracted value ([down_sta3_3_1_] : [BIGINT]) - [4]
2022-08-20 02:24:01.115 TRACE 16121 --- [o-auto-1-exec-2] o.h.type.descriptor.sql.BasicExtractor   : extracted value ([line_id4_3_1_] : [BIGINT]) - [1]
2022-08-20 02:24:01.115 TRACE 16121 --- [o-auto-1-exec-2] o.h.type.descriptor.sql.BasicExtractor   : extracted value ([up_stati5_3_1_] : [BIGINT]) - [1]
2022-08-20 02:24:01.115 TRACE 16121 --- [o-auto-1-exec-2] o.h.type.descriptor.sql.BasicExtractor   : extracted value ([line_id4_3_0_] : [BIGINT]) - [1]
2022-08-20 02:24:01.115 TRACE 16121 --- [o-auto-1-exec-2] o.h.type.descriptor.sql.BasicExtractor   : extracted value ([id1_3_0_] : [BIGINT]) - [1]
2022-08-20 02:24:01.117 ERROR 16121 --- [o-auto-1-exec-2] o.a.c.c.C.[.[.[/].[dispatcherServlet]    : Servlet.service() for servlet [dispatcherServlet] in context with path [] threw exception [Request processing failed; nested exception is java.lang.IllegalArgumentException: 이미 등록된 구간 입니다.] with root cause

java.lang.IllegalArgumentException: 이미 등록된 구간 입니다.
	at nextstep.subway.line.domain.Line.valid(Line.java:150) ~[main/:na]
	at nextstep.subway.line.domain.Line.addLineSection(Line.java:48) ~[main/:na]
	at nextstep.subway.line.application.LineService.addLineStation(LineService.java:68) ~[main/:na]
	at nextstep.subway.line.application.LineService$$FastClassBySpringCGLIB$$c48cb19.invoke(<generated>) ~[main/:na]
	at org.springframework.cglib.proxy.MethodProxy.invoke(MethodProxy.java:218) ~[spring-core-5.3.1.jar:5.3.1]
	at org.springframework.aop.framework.CglibAopProxy$CglibMethodInvocation.invokeJoinpoint(CglibAopProxy.java:771) ~[spring-aop-5.3.1.jar:5.3.1]
	at org.springframework.aop.framework.ReflectiveMethodInvocation.proceed(ReflectiveMethodInvocation.java:163) ~[spring-aop-5.3.1.jar:5.3.1]
	at org.springframework.aop.framework.CglibAopProxy$CglibMethodInvocation.proceed(CglibAopProxy.java:749) ~[spring-aop-5.3.1.jar:5.3.1]
	at org.springframework.transaction.interceptor.TransactionAspectSupport.invokeWithinTransaction(TransactionAspectSupport.java:371) ~[spring-tx-5.3.1.jar:5.3.1]
	at org.springframework.transaction.interceptor.TransactionInterceptor.invoke(TransactionInterceptor.java:134) ~[spring-tx-5.3.1.jar:5.3.1]
	at org.springframework.aop.framework.ReflectiveMethodInvocation.proceed(ReflectiveMethodInvocation.java:186) ~[spring-aop-5.3.1.jar:5.3.1]
	at org.springframework.aop.framework.CglibAopProxy$CglibMethodInvocation.proceed(CglibAopProxy.java:749) ~[spring-aop-5.3.1.jar:5.3.1]
	at org.springframework.aop.framework.CglibAopProxy$DynamicAdvisedInterceptor.intercept(CglibAopProxy.java:691) ~[spring-aop-5.3.1.jar:5.3.1]
	at nextstep.subway.line.application.LineService$$EnhancerBySpringCGLIB$$c1726d8d.addLineStation(<generated>) ~[main/:na]
	at nextstep.subway.line.ui.LineController.addLineStation(LineController.java:53) ~[main/:na]
	at sun.reflect.NativeMethodAccessorImpl.invoke0(Native Method) ~[na:1.8.0_342]
	at sun.reflect.NativeMethodAccessorImpl.invoke(NativeMethodAccessorImpl.java:62) ~[na:1.8.0_342]
	at sun.reflect.DelegatingMethodAccessorImpl.invoke(DelegatingMethodAccessorImpl.java:43) ~[na:1.8.0_342]
	at java.lang.reflect.Method.invoke(Method.java:498) ~[na:1.8.0_342]
	at org.springframework.web.method.support.InvocableHandlerMethod.doInvoke(InvocableHandlerMethod.java:197) ~[spring-web-5.3.1.jar:5.3.1]
	at org.springframework.web.method.support.InvocableHandlerMethod.invokeForRequest(InvocableHandlerMethod.java:141) ~[spring-web-5.3.1.jar:5.3.1]
	at org.springframework.web.servlet.mvc.method.annotation.ServletInvocableHandlerMethod.invokeAndHandle(ServletInvocableHandlerMethod.java:106) ~[spring-webmvc-5.3.1.jar:5.3.1]
	at org.springframework.web.servlet.mvc.method.annotation.RequestMappingHandlerAdapter.invokeHandlerMethod(RequestMappingHandlerAdapter.java:893) ~[spring-webmvc-5.3.1.jar:5.3.1]
	at org.springframework.web.servlet.mvc.method.annotation.RequestMappingHandlerAdapter.handleInternal(RequestMappingHandlerAdapter.java:807) ~[spring-webmvc-5.3.1.jar:5.3.1]
	at org.springframework.web.servlet.mvc.method.AbstractHandlerMethodAdapter.handle(AbstractHandlerMethodAdapter.java:87) ~[spring-webmvc-5.3.1.jar:5.3.1]
	at org.springframework.web.servlet.DispatcherServlet.doDispatch(DispatcherServlet.java:1061) ~[spring-webmvc-5.3.1.jar:5.3.1]
	at org.springframework.web.servlet.DispatcherServlet.doService(DispatcherServlet.java:961) ~[spring-webmvc-5.3.1.jar:5.3.1]
	at org.springframework.web.servlet.FrameworkServlet.processRequest(FrameworkServlet.java:1006) ~[spring-webmvc-5.3.1.jar:5.3.1]
	at org.springframework.web.servlet.FrameworkServlet.doPost(FrameworkServlet.java:909) ~[spring-webmvc-5.3.1.jar:5.3.1]
	at javax.servlet.http.HttpServlet.service(HttpServlet.java:652) ~[tomcat-embed-core-9.0.39.jar:4.0.FR]
	at org.springframework.web.servlet.FrameworkServlet.service(FrameworkServlet.java:883) ~[spring-webmvc-5.3.1.jar:5.3.1]
	at javax.servlet.http.HttpServlet.service(HttpServlet.java:733) ~[tomcat-embed-core-9.0.39.jar:4.0.FR]
	at org.apache.catalina.core.ApplicationFilterChain.internalDoFilter(ApplicationFilterChain.java:231) ~[tomcat-embed-core-9.0.39.jar:9.0.39]
	at org.apache.catalina.core.ApplicationFilterChain.doFilter(ApplicationFilterChain.java:166) ~[tomcat-embed-core-9.0.39.jar:9.0.39]
	at org.apache.tomcat.websocket.server.WsFilter.doFilter(WsFilter.java:53) ~[tomcat-embed-websocket-9.0.39.jar:9.0.39]
	at org.apache.catalina.core.ApplicationFilterChain.internalDoFilter(ApplicationFilterChain.java:193) ~[tomcat-embed-core-9.0.39.jar:9.0.39]
	at org.apache.catalina.core.ApplicationFilterChain.doFilter(ApplicationFilterChain.java:166) ~[tomcat-embed-core-9.0.39.jar:9.0.39]
	at org.springframework.web.filter.RequestContextFilter.doFilterInternal(RequestContextFilter.java:100) ~[spring-web-5.3.1.jar:5.3.1]
	at org.springframework.web.filter.OncePerRequestFilter.doFilter(OncePerRequestFilter.java:119) ~[spring-web-5.3.1.jar:5.3.1]
	at org.apache.catalina.core.ApplicationFilterChain.internalDoFilter(ApplicationFilterChain.java:193) ~[tomcat-embed-core-9.0.39.jar:9.0.39]
	at org.apache.catalina.core.ApplicationFilterChain.doFilter(ApplicationFilterChain.java:166) ~[tomcat-embed-core-9.0.39.jar:9.0.39]
	at org.springframework.web.filter.FormContentFilter.doFilterInternal(FormContentFilter.java:93) ~[spring-web-5.3.1.jar:5.3.1]
	at org.springframework.web.filter.OncePerRequestFilter.doFilter(OncePerRequestFilter.java:119) ~[spring-web-5.3.1.jar:5.3.1]
	at org.apache.catalina.core.ApplicationFilterChain.internalDoFilter(ApplicationFilterChain.java:193) ~[tomcat-embed-core-9.0.39.jar:9.0.39]
	at org.apache.catalina.core.ApplicationFilterChain.doFilter(ApplicationFilterChain.java:166) ~[tomcat-embed-core-9.0.39.jar:9.0.39]
	at org.springframework.web.filter.CharacterEncodingFilter.doFilterInternal(CharacterEncodingFilter.java:201) ~[spring-web-5.3.1.jar:5.3.1]
	at org.springframework.web.filter.OncePerRequestFilter.doFilter(OncePerRequestFilter.java:119) ~[spring-web-5.3.1.jar:5.3.1]
	at org.apache.catalina.core.ApplicationFilterChain.internalDoFilter(ApplicationFilterChain.java:193) ~[tomcat-embed-core-9.0.39.jar:9.0.39]
	at org.apache.catalina.core.ApplicationFilterChain.doFilter(ApplicationFilterChain.java:166) ~[tomcat-embed-core-9.0.39.jar:9.0.39]
	at org.apache.catalina.core.StandardWrapperValve.invoke(StandardWrapperValve.java:202) ~[tomcat-embed-core-9.0.39.jar:9.0.39]
	at org.apache.catalina.core.StandardContextValve.invoke(StandardContextValve.java:97) [tomcat-embed-core-9.0.39.jar:9.0.39]
	at org.apache.catalina.authenticator.AuthenticatorBase.invoke(AuthenticatorBase.java:542) [tomcat-embed-core-9.0.39.jar:9.0.39]
	at org.apache.catalina.core.StandardHostValve.invoke(StandardHostValve.java:143) [tomcat-embed-core-9.0.39.jar:9.0.39]
	at org.apache.catalina.valves.ErrorReportValve.invoke(ErrorReportValve.java:92) [tomcat-embed-core-9.0.39.jar:9.0.39]
	at org.apache.catalina.core.StandardEngineValve.invoke(StandardEngineValve.java:78) [tomcat-embed-core-9.0.39.jar:9.0.39]
	at net.rakugakibox.spring.boot.logback.access.tomcat.LogbackAccessTomcatValve.invoke(LogbackAccessTomcatValve.java:91) [logback-access-spring-boot-starter-2.7.1.jar:2.7.1]
	at org.apache.catalina.connector.CoyoteAdapter.service(CoyoteAdapter.java:343) [tomcat-embed-core-9.0.39.jar:9.0.39]
	at org.apache.coyote.http11.Http11Processor.service(Http11Processor.java:374) [tomcat-embed-core-9.0.39.jar:9.0.39]
	at org.apache.coyote.AbstractProcessorLight.process(AbstractProcessorLight.java:65) [tomcat-embed-core-9.0.39.jar:9.0.39]
	at org.apache.coyote.AbstractProtocol$ConnectionHandler.process(AbstractProtocol.java:868) [tomcat-embed-core-9.0.39.jar:9.0.39]
	at org.apache.tomcat.util.net.NioEndpoint$SocketProcessor.doRun(NioEndpoint.java:1590) [tomcat-embed-core-9.0.39.jar:9.0.39]
	at org.apache.tomcat.util.net.SocketProcessorBase.run(SocketProcessorBase.java:49) [tomcat-embed-core-9.0.39.jar:9.0.39]
	at java.util.concurrent.ThreadPoolExecutor.runWorker(ThreadPoolExecutor.java:1149) [na:1.8.0_342]
	at java.util.concurrent.ThreadPoolExecutor$Worker.run(ThreadPoolExecutor.java:624) [na:1.8.0_342]
	at org.apache.tomcat.util.threads.TaskThread$WrappingRunnable.run(TaskThread.java:61) [tomcat-embed-core-9.0.39.jar:9.0.39]
	at java.lang.Thread.run(Thread.java:750) [na:1.8.0_342]

HTTP/1.1 500 
Content-Type: application/json
Transfer-Encoding: chunked
Date: Fri, 19 Aug 2022 17:24:00 GMT
Connection: close

{
    "timestamp": "2022-08-19T17:24:01.123+00:00",
    "status": 500,
    "error": "Internal Server Error",
    "message": "",
    "path": "/lines/1/sections"
}
POST /lines/1/sections HTTP/1.1
accept: */*
content-type: application/json; charset=UTF-8
content-length: 54
host: localhost:37811
connection: Keep-Alive
user-agent: Apache-HttpClient/4.5.13 (Java/1.8.0_342)
accept-encoding: gzip,deflate



HTTP/1.1 500 Internal Server Error
Transfer-Encoding: chunked
Connection: close
Date: Fri, 19 Aug 2022 17:24:00 GMT
Content-Type: application/json



Hibernate: 
    
SET
    REFERENTIAL_INTEGRITY FALSE
Hibernate: 
    TRUNCATE TABLE section
Hibernate: 
    ALTER TABLE section ALTER COLUMN ID RESTART WITH 1
Hibernate: 
    TRUNCATE TABLE line
Hibernate: 
    ALTER TABLE line ALTER COLUMN ID RESTART WITH 1
Hibernate: 
    TRUNCATE TABLE favorite
Hibernate: 
    ALTER TABLE favorite ALTER COLUMN ID RESTART WITH 1
Hibernate: 
    TRUNCATE TABLE station
Hibernate: 
    ALTER TABLE station ALTER COLUMN ID RESTART WITH 1
Hibernate: 
    TRUNCATE TABLE member
Hibernate: 
    ALTER TABLE member ALTER COLUMN ID RESTART WITH 1
Hibernate: 
    
SET
    REFERENTIAL_INTEGRITY TRUE
Request method:	POST
Request URI:	http://localhost:37811/stations
Proxy:			<none>
Request params:	<none>
Query params:	<none>
Form params:	<none>
Path params:	<none>
Headers:		Accept=*/*
				Content-Type=application/json; charset=UTF-8
Cookies:		<none>
Multiparts:		<none>
Body:
{
    "name": "강남역"
}
Hibernate: 
    insert 
    into
        station
        (id, created_date, modified_date, name) 
    values
        (null, ?, ?, ?)
2022-08-20 02:24:01.159 TRACE 16121 --- [o-auto-1-exec-3] o.h.type.descriptor.sql.BasicBinder      : binding parameter [1] as [TIMESTAMP] - [2022-08-20T02:24:01.158]
2022-08-20 02:24:01.159 TRACE 16121 --- [o-auto-1-exec-3] o.h.type.descriptor.sql.BasicBinder      : binding parameter [2] as [TIMESTAMP] - [2022-08-20T02:24:01.158]
2022-08-20 02:24:01.160 TRACE 16121 --- [o-auto-1-exec-3] o.h.type.descriptor.sql.BasicBinder      : binding parameter [3] as [VARCHAR] - [강남역]
HTTP/1.1 201 
Location: /stations/1
Content-Type: application/json
Transfer-Encoding: chunked
Date: Fri, 19 Aug 2022 17:24:00 GMT
Keep-Alive: timeout=60
Connection: keep-alive

{
    "id": 1,
    "name": "강남역",
    "createdDate": "2022-08-20T02:24:01.158",
    "modifiedDate": "2022-08-20T02:24:01.158"
}
Request method:	POST
Request URI:	http://localhost:37811/stations
Proxy:			<none>
Request params:	<none>
Query params:	<none>
Form params:	<none>
Path params:	<none>
Headers:		Accept=*/*
				Content-Type=application/json; charset=UTF-8
Cookies:		<none>
Multiparts:		<none>
Body:
{
    "name": "양재역"
}
POST /stations HTTP/1.1
accept: */*
content-type: application/json; charset=UTF-8
content-length: 20
host: localhost:37811
connection: Keep-Alive
user-agent: Apache-HttpClient/4.5.13 (Java/1.8.0_342)
accept-encoding: gzip,deflate



HTTP/1.1 201 Created
Transfer-Encoding: chunked
Keep-Alive: timeout=60
Connection: keep-alive
Date: Fri, 19 Aug 2022 17:24:00 GMT
Location: /stations/1
Content-Type: application/json



Hibernate: 
    insert 
    into
        station
        (id, created_date, modified_date, name) 
    values
        (null, ?, ?, ?)
2022-08-20 02:24:01.185 TRACE 16121 --- [o-auto-1-exec-4] o.h.type.descriptor.sql.BasicBinder      : binding parameter [1] as [TIMESTAMP] - [2022-08-20T02:24:01.184]
2022-08-20 02:24:01.185 TRACE 16121 --- [o-auto-1-exec-4] o.h.type.descriptor.sql.BasicBinder      : binding parameter [2] as [TIMESTAMP] - [2022-08-20T02:24:01.184]
2022-08-20 02:24:01.185 TRACE 16121 --- [o-auto-1-exec-4] o.h.type.descriptor.sql.BasicBinder      : binding parameter [3] as [VARCHAR] - [양재역]
POST /stations HTTP/1.1
accept: */*
content-type: application/json; charset=UTF-8
content-length: 20
host: localhost:37811
connection: Keep-Alive
user-agent: Apache-HttpClient/4.5.13 (Java/1.8.0_342)
accept-encoding: gzip,deflate



HTTP/1.1 201 Created
Transfer-Encoding: chunked
Keep-Alive: timeout=60
Connection: keep-alive
Date: Fri, 19 Aug 2022 17:24:00 GMT
Location: /stations/2
Content-Type: application/json



HTTP/1.1 201 
Location: /stations/2
Content-Type: application/json
Transfer-Encoding: chunked
Date: Fri, 19 Aug 2022 17:24:00 GMT
Keep-Alive: timeout=60
Connection: keep-alive

{
    "id": 2,
    "name": "양재역",
    "createdDate": "2022-08-20T02:24:01.184",
    "modifiedDate": "2022-08-20T02:24:01.184"
}
Request method:	POST
Request URI:	http://localhost:37811/stations
Proxy:			<none>
Request params:	<none>
Query params:	<none>
Form params:	<none>
Path params:	<none>
Headers:		Accept=*/*
				Content-Type=application/json; charset=UTF-8
Cookies:		<none>
Multiparts:		<none>
Body:
{
    "name": "정자역"
}
Hibernate: 
    insert 
    into
        station
        (id, created_date, modified_date, name) 
    values
        (null, ?, ?, ?)
2022-08-20 02:24:01.204 TRACE 16121 --- [o-auto-1-exec-5] o.h.type.descriptor.sql.BasicBinder      : binding parameter [1] as [TIMESTAMP] - [2022-08-20T02:24:01.203]
2022-08-20 02:24:01.204 TRACE 16121 --- [o-auto-1-exec-5] o.h.type.descriptor.sql.BasicBinder      : binding parameter [2] as [TIMESTAMP] - [2022-08-20T02:24:01.203]
2022-08-20 02:24:01.204 TRACE 16121 --- [o-auto-1-exec-5] o.h.type.descriptor.sql.BasicBinder      : binding parameter [3] as [VARCHAR] - [정자역]
POST /stations HTTP/1.1
HTTP/1.1 201 
Location: /stations/3
Content-Type: application/json
Transfer-Encoding: chunked
Date: Fri, 19 Aug 2022 17:24:00 GMT
Keep-Alive: timeout=60
Connection: keep-alive

{
    "id": 3,
    "name": "정자역",
    "createdDate": "2022-08-20T02:24:01.203",
    "modifiedDate": "2022-08-20T02:24:01.203"
}
accept: */*
content-type: application/json; charset=UTF-8
content-length: 20
host: localhost:37811
connection: Keep-Alive
user-agent: Apache-HttpClient/4.5.13 (Java/1.8.0_342)
accept-encoding: gzip,deflate



HTTP/1.1 201 Created
Transfer-Encoding: chunked
Keep-Alive: timeout=60
Connection: keep-alive
Date: Fri, 19 Aug 2022 17:24:00 GMT
Location: /stations/3
Content-Type: application/json



Request method:	POST
Request URI:	http://localhost:37811/stations
Proxy:			<none>
Request params:	<none>
Query params:	<none>
Form params:	<none>
Path params:	<none>
Headers:		Accept=*/*
				Content-Type=application/json; charset=UTF-8
Cookies:		<none>
Multiparts:		<none>
Body:
{
    "name": "광교역"
}
Hibernate: 
    insert 
    into
        station
        (id, created_date, modified_date, name) 
    values
        (null, ?, ?, ?)
2022-08-20 02:24:01.223 TRACE 16121 --- [o-auto-1-exec-6] o.h.type.descriptor.sql.BasicBinder      : binding parameter [1] as [TIMESTAMP] - [2022-08-20T02:24:01.222]
2022-08-20 02:24:01.223 TRACE 16121 --- [o-auto-1-exec-6] o.h.type.descriptor.sql.BasicBinder      : binding parameter [2] as [TIMESTAMP] - [2022-08-20T02:24:01.222]
2022-08-20 02:24:01.223 TRACE 16121 --- [o-auto-1-exec-6] o.h.type.descriptor.sql.BasicBinder      : binding parameter [3] as [VARCHAR] - [광교역]
POST /stations HTTP/1.1
accept: */*
content-type: application/json; charset=UTF-8
content-length: 20
host: localhost:37811
connection: Keep-Alive
user-agent: Apache-HttpClient/4.5.13 (Java/1.8.0_342)
accept-encoding: gzip,deflate



HTTP/1.1 201 Created
Transfer-Encoding: chunked
Keep-Alive: timeout=60
Connection: keep-alive
Date: Fri, 19 Aug 2022 17:24:00 GMT
Location: /stations/4
Content-Type: application/json



HTTP/1.1 201 
Location: /stations/4
Content-Type: application/json
Transfer-Encoding: chunked
Date: Fri, 19 Aug 2022 17:24:00 GMT
Keep-Alive: timeout=60
Connection: keep-alive

{
    "id": 4,
    "name": "광교역",
    "createdDate": "2022-08-20T02:24:01.222",
    "modifiedDate": "2022-08-20T02:24:01.222"
}
Request method:	POST
Request URI:	http://localhost:37811/lines
Proxy:			<none>
Request params:	<none>
Query params:	<none>
Form params:	<none>
Path params:	<none>
Headers:		Accept=*/*
				Content-Type=application/json; charset=UTF-8
Cookies:		<none>
Multiparts:		<none>
Body:
{
    "color": "bg-red-600",
    "distance": "10",
    "name": "신분당선",
    "downStationId": "4",
    "upStationId": "1"
}
Hibernate: 
    select
        station0_.id as id1_4_0_,
        station0_.created_date as created_2_4_0_,
        station0_.modified_date as modified3_4_0_,
        station0_.name as name4_4_0_ 
    from
        station station0_ 
    where
        station0_.id=?
2022-08-20 02:24:01.244 TRACE 16121 --- [o-auto-1-exec-7] o.h.type.descriptor.sql.BasicBinder      : binding parameter [1] as [BIGINT] - [1]
2022-08-20 02:24:01.245 TRACE 16121 --- [o-auto-1-exec-7] o.h.type.descriptor.sql.BasicExtractor   : extracted value ([created_2_4_0_] : [TIMESTAMP]) - [2022-08-20T02:24:01.158]
2022-08-20 02:24:01.245 TRACE 16121 --- [o-auto-1-exec-7] o.h.type.descriptor.sql.BasicExtractor   : extracted value ([modified3_4_0_] : [TIMESTAMP]) - [2022-08-20T02:24:01.158]
2022-08-20 02:24:01.245 TRACE 16121 --- [o-auto-1-exec-7] o.h.type.descriptor.sql.BasicExtractor   : extracted value ([name4_4_0_] : [VARCHAR]) - [강남역]
Hibernate: 
    select
        station0_.id as id1_4_0_,
        station0_.created_date as created_2_4_0_,
        station0_.modified_date as modified3_4_0_,
        station0_.name as name4_4_0_ 
    from
        station station0_ 
    where
        station0_.id=?
2022-08-20 02:24:01.246 TRACE 16121 --- [o-auto-1-exec-7] o.h.type.descriptor.sql.BasicBinder      : binding parameter [1] as [BIGINT] - [4]
2022-08-20 02:24:01.246 TRACE 16121 --- [o-auto-1-exec-7] o.h.type.descriptor.sql.BasicExtractor   : extracted value ([created_2_4_0_] : [TIMESTAMP]) - [2022-08-20T02:24:01.222]
2022-08-20 02:24:01.246 TRACE 16121 --- [o-auto-1-exec-7] o.h.type.descriptor.sql.BasicExtractor   : extracted value ([modified3_4_0_] : [TIMESTAMP]) - [2022-08-20T02:24:01.222]
2022-08-20 02:24:01.246 TRACE 16121 --- [o-auto-1-exec-7] o.h.type.descriptor.sql.BasicExtractor   : extracted value ([name4_4_0_] : [VARCHAR]) - [광교역]
Hibernate: 
    insert 
    into
        line
        (id, created_date, modified_date, color, name) 
    values
        (null, ?, ?, ?, ?)
2022-08-20 02:24:01.248 TRACE 16121 --- [o-auto-1-exec-7] o.h.type.descriptor.sql.BasicBinder      : binding parameter [1] as [TIMESTAMP] - [2022-08-20T02:24:01.247]
2022-08-20 02:24:01.248 TRACE 16121 --- [o-auto-1-exec-7] o.h.type.descriptor.sql.BasicBinder      : binding parameter [2] as [TIMESTAMP] - [2022-08-20T02:24:01.247]
2022-08-20 02:24:01.248 TRACE 16121 --- [o-auto-1-exec-7] o.h.type.descriptor.sql.BasicBinder      : binding parameter [3] as [VARCHAR] - [bg-red-600]
2022-08-20 02:24:01.248 TRACE 16121 --- [o-auto-1-exec-7] o.h.type.descriptor.sql.BasicBinder      : binding parameter [4] as [VARCHAR] - [신분당선]
Hibernate: 
    insert 
    into
        section
        (id, distance, down_station_id, line_id, up_station_id) 
    values
        (null, ?, ?, ?, ?)
2022-08-20 02:24:01.252 TRACE 16121 --- [o-auto-1-exec-7] o.h.type.descriptor.sql.BasicBinder      : binding parameter [1] as [INTEGER] - [10]
2022-08-20 02:24:01.252 TRACE 16121 --- [o-auto-1-exec-7] o.h.type.descriptor.sql.BasicBinder      : binding parameter [2] as [BIGINT] - [4]
2022-08-20 02:24:01.252 TRACE 16121 --- [o-auto-1-exec-7] o.h.type.descriptor.sql.BasicBinder      : binding parameter [3] as [BIGINT] - [1]
2022-08-20 02:24:01.253 TRACE 16121 --- [o-auto-1-exec-7] o.h.type.descriptor.sql.BasicBinder      : binding parameter [4] as [BIGINT] - [1]
HTTP/1.1 201 
Location: /lines/1
Content-Type: application/json
Transfer-Encoding: chunked
Date: Fri, 19 Aug 2022 17:24:00 GMT
Keep-Alive: timeout=60
Connection: keep-alive

{
    "id": 1,
    "name": "신분당선",
    "color": "bg-red-600",
    "stations": [
        {
            "id": 1,
            "name": "강남역",
            "createdDate": "2022-08-20T02:24:01.158",
            "modifiedDate": "2022-08-20T02:24:01.158"
        },
        {
            "id": 4,
            "name": "광교역",
            "createdDate": "2022-08-20T02:24:01.222",
            "modifiedDate": "2022-08-20T02:24:01.222"
        }
    ],
    "createdDate": "2022-08-20T02:24:01.247",
    "modifiedDate": "2022-08-20T02:24:01.247"
}
POST /lines HTTP/1.1
accept: */*
content-type: application/json; charset=UTF-8
content-length: 98
host: localhost:37811
connection: Keep-Alive
user-agent: Apache-HttpClient/4.5.13 (Java/1.8.0_342)
accept-encoding: gzip,deflate



HTTP/1.1 201 Created
Transfer-Encoding: chunked
Keep-Alive: timeout=60
Connection: keep-alive
Date: Fri, 19 Aug 2022 17:24:00 GMT
Location: /lines/1
Content-Type: application/json



Request method:	POST
Request URI:	http://localhost:37811/lines/1/sections
Proxy:			<none>
Request params:	<none>
Query params:	<none>
Form params:	<none>
Path params:	<none>
Headers:		Accept=*/*
				Content-Type=application/json; charset=UTF-8
Cookies:		<none>
Multiparts:		<none>
Body:
{
    "distance": "2",
    "downStationId": "2",
    "upStationId": "1"
}
Hibernate: 
    select
        line0_.id as id1_1_0_,
        line0_.created_date as created_2_1_0_,
        line0_.modified_date as modified3_1_0_,
        line0_.color as color4_1_0_,
        line0_.name as name5_1_0_ 
    from
        line line0_ 
    where
        line0_.id=?
2022-08-20 02:24:01.285 TRACE 16121 --- [o-auto-1-exec-8] o.h.type.descriptor.sql.BasicBinder      : binding parameter [1] as [BIGINT] - [1]
2022-08-20 02:24:01.286 TRACE 16121 --- [o-auto-1-exec-8] o.h.type.descriptor.sql.BasicExtractor   : extracted value ([created_2_1_0_] : [TIMESTAMP]) - [2022-08-20T02:24:01.247]
2022-08-20 02:24:01.286 TRACE 16121 --- [o-auto-1-exec-8] o.h.type.descriptor.sql.BasicExtractor   : extracted value ([modified3_1_0_] : [TIMESTAMP]) - [2022-08-20T02:24:01.247]
2022-08-20 02:24:01.286 TRACE 16121 --- [o-auto-1-exec-8] o.h.type.descriptor.sql.BasicExtractor   : extracted value ([color4_1_0_] : [VARCHAR]) - [bg-red-600]
2022-08-20 02:24:01.287 TRACE 16121 --- [o-auto-1-exec-8] o.h.type.descriptor.sql.BasicExtractor   : extracted value ([name5_1_0_] : [VARCHAR]) - [신분당선]
Hibernate: 
    select
        station0_.id as id1_4_0_,
        station0_.created_date as created_2_4_0_,
        station0_.modified_date as modified3_4_0_,
        station0_.name as name4_4_0_ 
    from
        station station0_ 
    where
        station0_.id=?
2022-08-20 02:24:01.288 TRACE 16121 --- [o-auto-1-exec-8] o.h.type.descriptor.sql.BasicBinder      : binding parameter [1] as [BIGINT] - [1]
2022-08-20 02:24:01.288 TRACE 16121 --- [o-auto-1-exec-8] o.h.type.descriptor.sql.BasicExtractor   : extracted value ([created_2_4_0_] : [TIMESTAMP]) - [2022-08-20T02:24:01.158]
2022-08-20 02:24:01.288 TRACE 16121 --- [o-auto-1-exec-8] o.h.type.descriptor.sql.BasicExtractor   : extracted value ([modified3_4_0_] : [TIMESTAMP]) - [2022-08-20T02:24:01.158]
2022-08-20 02:24:01.288 TRACE 16121 --- [o-auto-1-exec-8] o.h.type.descriptor.sql.BasicExtractor   : extracted value ([name4_4_0_] : [VARCHAR]) - [강남역]
Hibernate: 
    select
        station0_.id as id1_4_0_,
        station0_.created_date as created_2_4_0_,
        station0_.modified_date as modified3_4_0_,
        station0_.name as name4_4_0_ 
    from
        station station0_ 
    where
        station0_.id=?
2022-08-20 02:24:01.289 TRACE 16121 --- [o-auto-1-exec-8] o.h.type.descriptor.sql.BasicBinder      : binding parameter [1] as [BIGINT] - [2]
2022-08-20 02:24:01.290 TRACE 16121 --- [o-auto-1-exec-8] o.h.type.descriptor.sql.BasicExtractor   : extracted value ([created_2_4_0_] : [TIMESTAMP]) - [2022-08-20T02:24:01.184]
2022-08-20 02:24:01.290 TRACE 16121 --- [o-auto-1-exec-8] o.h.type.descriptor.sql.BasicExtractor   : extracted value ([modified3_4_0_] : [TIMESTAMP]) - [2022-08-20T02:24:01.184]
2022-08-20 02:24:01.290 TRACE 16121 --- [o-auto-1-exec-8] o.h.type.descriptor.sql.BasicExtractor   : extracted value ([name4_4_0_] : [VARCHAR]) - [양재역]
Hibernate: 
    select
        sections0_.line_id as line_id4_3_0_,
        sections0_.id as id1_3_0_,
        sections0_.id as id1_3_1_,
        sections0_.distance as distance2_3_1_,
        sections0_.down_station_id as down_sta3_3_1_,
        sections0_.line_id as line_id4_3_1_,
        sections0_.up_station_id as up_stati5_3_1_,
        station1_.id as id1_4_2_,
        station1_.created_date as created_2_4_2_,
        station1_.modified_date as modified3_4_2_,
        station1_.name as name4_4_2_,
        station2_.id as id1_4_3_,
        station2_.created_date as created_2_4_3_,
        station2_.modified_date as modified3_4_3_,
        station2_.name as name4_4_3_ 
    from
        section sections0_ 
    left outer join
        station station1_ 
            on sections0_.down_station_id=station1_.id 
    left outer join
        station station2_ 
            on sections0_.up_station_id=station2_.id 
    where
        sections0_.line_id=?
2022-08-20 02:24:01.291 TRACE 16121 --- [o-auto-1-exec-8] o.h.type.descriptor.sql.BasicBinder      : binding parameter [1] as [BIGINT] - [1]
2022-08-20 02:24:01.292 TRACE 16121 --- [o-auto-1-exec-8] o.h.type.descriptor.sql.BasicExtractor   : extracted value ([id1_3_1_] : [BIGINT]) - [1]
2022-08-20 02:24:01.292 TRACE 16121 --- [o-auto-1-exec-8] o.h.type.descriptor.sql.BasicExtractor   : extracted value ([id1_4_2_] : [BIGINT]) - [4]
2022-08-20 02:24:01.292 TRACE 16121 --- [o-auto-1-exec-8] o.h.type.descriptor.sql.BasicExtractor   : extracted value ([id1_4_3_] : [BIGINT]) - [1]
2022-08-20 02:24:01.292 TRACE 16121 --- [o-auto-1-exec-8] o.h.type.descriptor.sql.BasicExtractor   : extracted value ([distance2_3_1_] : [INTEGER]) - [10]
2022-08-20 02:24:01.292 TRACE 16121 --- [o-auto-1-exec-8] o.h.type.descriptor.sql.BasicExtractor   : extracted value ([down_sta3_3_1_] : [BIGINT]) - [4]
2022-08-20 02:24:01.293 TRACE 16121 --- [o-auto-1-exec-8] o.h.type.descriptor.sql.BasicExtractor   : extracted value ([line_id4_3_1_] : [BIGINT]) - [1]
2022-08-20 02:24:01.293 TRACE 16121 --- [o-auto-1-exec-8] o.h.type.descriptor.sql.BasicExtractor   : extracted value ([up_stati5_3_1_] : [BIGINT]) - [1]
2022-08-20 02:24:01.293 TRACE 16121 --- [o-auto-1-exec-8] o.h.type.descriptor.sql.BasicExtractor   : extracted value ([created_2_4_2_] : [TIMESTAMP]) - [2022-08-20T02:24:01.222]
2022-08-20 02:24:01.293 TRACE 16121 --- [o-auto-1-exec-8] o.h.type.descriptor.sql.BasicExtractor   : extracted value ([modified3_4_2_] : [TIMESTAMP]) - [2022-08-20T02:24:01.222]
2022-08-20 02:24:01.293 TRACE 16121 --- [o-auto-1-exec-8] o.h.type.descriptor.sql.BasicExtractor   : extracted value ([name4_4_2_] : [VARCHAR]) - [광교역]
2022-08-20 02:24:01.293 TRACE 16121 --- [o-auto-1-exec-8] o.h.type.descriptor.sql.BasicExtractor   : extracted value ([line_id4_3_0_] : [BIGINT]) - [1]
2022-08-20 02:24:01.293 TRACE 16121 --- [o-auto-1-exec-8] o.h.type.descriptor.sql.BasicExtractor   : extracted value ([id1_3_0_] : [BIGINT]) - [1]
Hibernate: 
    insert 
    into
        section
        (id, distance, down_station_id, line_id, up_station_id) 
    values
        (null, ?, ?, ?, ?)
2022-08-20 02:24:01.295 TRACE 16121 --- [o-auto-1-exec-8] o.h.type.descriptor.sql.BasicBinder      : binding parameter [1] as [INTEGER] - [2]
2022-08-20 02:24:01.295 TRACE 16121 --- [o-auto-1-exec-8] o.h.type.descriptor.sql.BasicBinder      : binding parameter [2] as [BIGINT] - [2]
2022-08-20 02:24:01.295 TRACE 16121 --- [o-auto-1-exec-8] o.h.type.descriptor.sql.BasicBinder      : binding parameter [3] as [BIGINT] - [1]
2022-08-20 02:24:01.295 TRACE 16121 --- [o-auto-1-exec-8] o.h.type.descriptor.sql.BasicBinder      : binding parameter [4] as [BIGINT] - [1]
Hibernate: 
    update
        section 
    set
        distance=?,
        down_station_id=?,
        line_id=?,
        up_station_id=? 
    where
        id=?
2022-08-20 02:24:01.297 TRACE 16121 --- [o-auto-1-exec-8] o.h.type.descriptor.sql.BasicBinder      : binding parameter [1] as [INTEGER] - [8]
2022-08-20 02:24:01.297 TRACE 16121 --- [o-auto-1-exec-8] o.h.type.descriptor.sql.BasicBinder      : binding parameter [2] as [BIGINT] - [4]
2022-08-20 02:24:01.297 TRACE 16121 --- [o-auto-1-exec-8] o.h.type.descriptor.sql.BasicBinder      : binding parameter [3] as [BIGINT] - [1]
2022-08-20 02:24:01.297 TRACE 16121 --- [o-auto-1-exec-8] o.h.type.descriptor.sql.BasicBinder      : binding parameter [4] as [BIGINT] - [2]
2022-08-20 02:24:01.297 TRACE 16121 --- [o-auto-1-exec-8] o.h.type.descriptor.sql.BasicBinder      : binding parameter [5] as [BIGINT] - [1]
HTTP/1.1 200 
Content-Length: 0
Date: Fri, 19 Aug 2022 17:24:00 GMT
[...]
2022-08-20 02:24:01.964 TRACE 16121 --- [-auto-1-exec-10] o.h.type.descriptor.sql.BasicBinder      : binding parameter [5] as [BIGINT] - [1]
HTTP/1.1 200 
Content-Length: 0
Date: Fri, 19 Aug 2022 17:24:01 GMT
Keep-Alive: timeout=60
Connection: keep-alive
Request method:	POST
Request URI:	http://localhost:37811/lines/1/sections
Proxy:			<none>
Request params:	<none>
Query params:	<none>
Form params:	<none>
Path params:	<none>
Headers:		Accept=*/*
				Content-Type=application/json; charset=UTF-8
Cookies:		<none>
Multiparts:		<none>
Body:
{
    "distance": "5",
    "downStationId": "1",
    "upStationId": "3"
}
Hibernate: 
    select
        line0_.id as id1_1_0_,
        line0_.created_date as created_2_1_0_,
        line0_.modified_date as modified3_1_0_,
        line0_.color as color4_1_0_,
        line0_.name as name5_1_0_ 
    from
        line line0_ 
    where
        line0_.id=?
2022-08-20 02:24:01.986 TRACE 16121 --- [o-auto-1-exec-1] o.h.type.descriptor.sql.BasicBinder      : binding parameter [1] as [BIGINT] - [1]
POST /lines/1/sections HTTP/1.1
accept: */*
content-type: application/json; charset=UTF-8
content-length: 54
host: localhost:37811
connection: Keep-Alive
user-agent: Apache-HttpClient/4.5.13 (Java/1.8.0_342)
accept-encoding: gzip,deflate



HTTP/1.1 200 OK
Keep-Alive: timeout=60
Connection: keep-alive
Content-Length: 0
Date: Fri, 19 Aug 2022 17:24:01 GMT



2022-08-20 02:24:01.987 TRACE 16121 --- [o-auto-1-exec-1] o.h.type.descriptor.sql.BasicExtractor   : extracted value ([created_2_1_0_] : [TIMESTAMP]) - [2022-08-20T02:24:01.901]
2022-08-20 02:24:01.987 TRACE 16121 --- [o-auto-1-exec-1] o.h.type.descriptor.sql.BasicExtractor   : extracted value ([modified3_1_0_] : [TIMESTAMP]) - [2022-08-20T02:24:01.901]
2022-08-20 02:24:01.987 TRACE 16121 --- [o-auto-1-exec-1] o.h.type.descriptor.sql.BasicExtractor   : extracted value ([color4_1_0_] : [VARCHAR]) - [bg-red-600]
2022-08-20 02:24:01.988 TRACE 16121 --- [o-auto-1-exec-1] o.h.type.descriptor.sql.BasicExtractor   : extracted value ([name5_1_0_] : [VARCHAR]) - [신분당선]
Hibernate: 
    select
        station0_.id as id1_4_0_,
        station0_.created_date as created_2_4_0_,
        station0_.modified_date as modified3_4_0_,
        station0_.name as name4_4_0_ 
    from
        station station0_ 
    where
        station0_.id=?
2022-08-20 02:24:01.989 TRACE 16121 --- [o-auto-1-exec-1] o.h.type.descriptor.sql.BasicBinder      : binding parameter [1] as [BIGINT] - [3]
2022-08-20 02:24:01.989 TRACE 16121 --- [o-auto-1-exec-1] o.h.type.descriptor.sql.BasicExtractor   : extracted value ([created_2_4_0_] : [TIMESTAMP]) - [2022-08-20T02:24:01.844]
2022-08-20 02:24:01.989 TRACE 16121 --- [o-auto-1-exec-1] o.h.type.descriptor.sql.BasicExtractor   : extracted value ([modified3_4_0_] : [TIMESTAMP]) - [2022-08-20T02:24:01.844]
2022-08-20 02:24:01.990 TRACE 16121 --- [o-auto-1-exec-1] o.h.type.descriptor.sql.BasicExtractor   : extracted value ([name4_4_0_] : [VARCHAR]) - [정자역]
Hibernate: 
    select
        station0_.id as id1_4_0_,
        station0_.created_date as created_2_4_0_,
        station0_.modified_date as modified3_4_0_,
        station0_.name as name4_4_0_ 
    from
        station station0_ 
    where
        station0_.id=?
2022-08-20 02:24:01.991 TRACE 16121 --- [o-auto-1-exec-1] o.h.type.descriptor.sql.BasicBinder      : binding parameter [1] as [BIGINT] - [1]
2022-08-20 02:24:01.993 TRACE 16121 --- [o-auto-1-exec-1] o.h.type.descriptor.sql.BasicExtractor   : extracted value ([created_2_4_0_] : [TIMESTAMP]) - [2022-08-20T02:24:01.798]
2022-08-20 02:24:01.994 TRACE 16121 --- [o-auto-1-exec-1] o.h.type.descriptor.sql.BasicExtractor   : extracted value ([modified3_4_0_] : [TIMESTAMP]) - [2022-08-20T02:24:01.798]
2022-08-20 02:24:01.994 TRACE 16121 --- [o-auto-1-exec-1] o.h.type.descriptor.sql.BasicExtractor   : extracted value ([name4_4_0_] : [VARCHAR]) - [강남역]
Hibernate: 
    select
        sections0_.line_id as line_id4_3_0_,
        sections0_.id as id1_3_0_,
        sections0_.id as id1_3_1_,
        sections0_.distance as distance2_3_1_,
        sections0_.down_station_id as down_sta3_3_1_,
        sections0_.line_id as line_id4_3_1_,
        sections0_.up_station_id as up_stati5_3_1_,
        station1_.id as id1_4_2_,
        station1_.created_date as created_2_4_2_,
        station1_.modified_date as modified3_4_2_,
        station1_.name as name4_4_2_,
        station2_.id as id1_4_3_,
        station2_.created_date as created_2_4_3_,
        station2_.modified_date as modified3_4_3_,
        station2_.name as name4_4_3_ 
    from
        section sections0_ 
    left outer join
        station station1_ 
            on sections0_.down_station_id=station1_.id 
    left outer join
        station station2_ 
            on sections0_.up_station_id=station2_.id 
    where
        sections0_.line_id=?
2022-08-20 02:24:01.995 TRACE 16121 --- [o-auto-1-exec-1] o.h.type.descriptor.sql.BasicBinder      : binding parameter [1] as [BIGINT] - [1]
2022-08-20 02:24:01.996 TRACE 16121 --- [o-auto-1-exec-1] o.h.type.descriptor.sql.BasicExtractor   : extracted value ([id1_3_1_] : [BIGINT]) - [1]
2022-08-20 02:24:01.997 TRACE 16121 --- [o-auto-1-exec-1] o.h.type.descriptor.sql.BasicExtractor   : extracted value ([id1_4_2_] : [BIGINT]) - [4]
2022-08-20 02:24:01.997 TRACE 16121 --- [o-auto-1-exec-1] o.h.type.descriptor.sql.BasicExtractor   : extracted value ([id1_4_3_] : [BIGINT]) - [2]
2022-08-20 02:24:01.997 TRACE 16121 --- [o-auto-1-exec-1] o.h.type.descriptor.sql.BasicExtractor   : extracted value ([distance2_3_1_] : [INTEGER]) - [8]
2022-08-20 02:24:01.997 TRACE 16121 --- [o-auto-1-exec-1] o.h.type.descriptor.sql.BasicExtractor   : extracted value ([down_sta3_3_1_] : [BIGINT]) - [4]
2022-08-20 02:24:01.997 TRACE 16121 --- [o-auto-1-exec-1] o.h.type.descriptor.sql.BasicExtractor   : extracted value ([line_id4_3_1_] : [BIGINT]) - [1]
2022-08-20 02:24:01.998 TRACE 16121 --- [o-auto-1-exec-1] o.h.type.descriptor.sql.BasicExtractor   : extracted value ([up_stati5_3_1_] : [BIGINT]) - [2]
2022-08-20 02:24:01.998 TRACE 16121 --- [o-auto-1-exec-1] o.h.type.descriptor.sql.BasicExtractor   : extracted value ([created_2_4_2_] : [TIMESTAMP]) - [2022-08-20T02:24:01.872]
2022-08-20 02:24:01.998 TRACE 16121 --- [o-auto-1-exec-1] o.h.type.descriptor.sql.BasicExtractor   : extracted value ([modified3_4_2_] : [TIMESTAMP]) - [2022-08-20T02:24:01.872]
2022-08-20 02:24:01.998 TRACE 16121 --- [o-auto-1-exec-1] o.h.type.descriptor.sql.BasicExtractor   : extracted value ([name4_4_2_] : [VARCHAR]) - [광교역]
2022-08-20 02:24:02.002 TRACE 16121 --- [o-auto-1-exec-1] o.h.type.descriptor.sql.BasicExtractor   : extracted value ([created_2_4_3_] : [TIMESTAMP]) - [2022-08-20T02:24:01.824]
2022-08-20 02:24:02.002 TRACE 16121 --- [o-auto-1-exec-1] o.h.type.descriptor.sql.BasicExtractor   : extracted value ([modified3_4_3_] : [TIMESTAMP]) - [2022-08-20T02:24:01.824]
2022-08-20 02:24:02.002 TRACE 16121 --- [o-auto-1-exec-1] o.h.type.descriptor.sql.BasicExtractor   : extracted value ([name4_4_3_] : [VARCHAR]) - [양재역]
2022-08-20 02:24:02.002 TRACE 16121 --- [o-auto-1-exec-1] o.h.type.descriptor.sql.BasicExtractor   : extracted value ([line_id4_3_0_] : [BIGINT]) - [1]
2022-08-20 02:24:02.002 TRACE 16121 --- [o-auto-1-exec-1] o.h.type.descriptor.sql.BasicExtractor   : extracted value ([id1_3_0_] : [BIGINT]) - [1]
2022-08-20 02:24:02.002 TRACE 16121 --- [o-auto-1-exec-1] o.h.type.descriptor.sql.BasicExtractor   : extracted value ([id1_3_1_] : [BIGINT]) - [2]
2022-08-20 02:24:02.003 TRACE 16121 --- [o-auto-1-exec-1] o.h.type.descriptor.sql.BasicExtractor   : extracted value ([id1_4_2_] : [BIGINT]) - [2]
2022-08-20 02:24:02.003 TRACE 16121 --- [o-auto-1-exec-1] o.h.type.descriptor.sql.BasicExtractor   : extracted value ([id1_4_3_] : [BIGINT]) - [1]
2022-08-20 02:24:02.003 TRACE 16121 --- [o-auto-1-exec-1] o.h.type.descriptor.sql.BasicExtractor   : extracted value ([distance2_3_1_] : [INTEGER]) - [2]
2022-08-20 02:24:02.003 TRACE 16121 --- [o-auto-1-exec-1] o.h.type.descriptor.sql.BasicExtractor   : extracted value ([down_sta3_3_1_] : [BIGINT]) - [2]
2022-08-20 02:24:02.003 TRACE 16121 --- [o-auto-1-exec-1] o.h.type.descriptor.sql.BasicExtractor   : extracted value ([line_id4_3_1_] : [BIGINT]) - [1]
2022-08-20 02:24:02.003 TRACE 16121 --- [o-auto-1-exec-1] o.h.type.descriptor.sql.BasicExtractor   : extracted value ([up_stati5_3_1_] : [BIGINT]) - [1]
2022-08-20 02:24:02.003 TRACE 16121 --- [o-auto-1-exec-1] o.h.type.descriptor.sql.BasicExtractor   : extracted value ([line_id4_3_0_] : [BIGINT]) - [1]
2022-08-20 02:24:02.003 TRACE 16121 --- [o-auto-1-exec-1] o.h.type.descriptor.sql.BasicExtractor   : extracted value ([id1_3_0_] : [BIGINT]) - [2]
Hibernate: 
    insert 
    into
        section
        (id, distance, down_station_id, line_id, up_station_id) 
    values
        (null, ?, ?, ?, ?)
2022-08-20 02:24:02.007 TRACE 16121 --- [o-auto-1-exec-1] o.h.type.descriptor.sql.BasicBinder      : binding parameter [1] as [INTEGER] - [5]
2022-08-20 02:24:02.007 TRACE 16121 --- [o-auto-1-exec-1] o.h.type.descriptor.sql.BasicBinder      : binding parameter [2] as [BIGINT] - [1]
2022-08-20 02:24:02.007 TRACE 16121 --- [o-auto-1-exec-1] o.h.type.descriptor.sql.BasicBinder      : binding parameter [3] as [BIGINT] - [1]
2022-08-20 02:24:02.007 TRACE 16121 --- [o-auto-1-exec-1] o.h.type.descriptor.sql.BasicBinder      : binding parameter [4] as [BIGINT] - [3]
HTTP/1.1 200 
Content-Length: 0
Date: Fri, 19 Aug 2022 17:24:01 GMT
Keep-Alive: timeout=60
Connection: keep-alive
Request method:	GET
Request URI:	http://localhost:37811/lines/1
Proxy:			<none>
Request params:	<none>
Query params:	<none>
Form params:	<none>
Path params:	<none>
Headers:		Accept=application/json
Cookies:		<none>
Multiparts:		<none>
Body:			<none>
POST /lines/1/sections HTTP/1.1
accept: */*
content-type: application/json; charset=UTF-8
content-length: 54
host: localhost:37811
connection: Keep-Alive
user-agent: Apache-HttpClient/4.5.13 (Java/1.8.0_342)
accept-encoding: gzip,deflate



HTTP/1.1 200 OK
Keep-Alive: timeout=60
Connection: keep-alive
Content-Length: 0
Date: Fri, 19 Aug 2022 17:24:01 GMT



Hibernate: 
    select
        line0_.id as id1_1_0_,
        line0_.created_date as created_2_1_0_,
        line0_.modified_date as modified3_1_0_,
        line0_.color as color4_1_0_,
        line0_.name as name5_1_0_ 
    from
        line line0_ 
    where
        line0_.id=?
2022-08-20 02:24:02.022 TRACE 16121 --- [o-auto-1-exec-2] o.h.type.descriptor.sql.BasicBinder      : binding parameter [1] as [BIGINT] - [1]
2022-08-20 02:24:02.023 TRACE 16121 --- [o-auto-1-exec-2] o.h.type.descriptor.sql.BasicExtractor   : extracted value ([created_2_1_0_] : [TIMESTAMP]) - [2022-08-20T02:24:01.901]
2022-08-20 02:24:02.023 TRACE 16121 --- [o-auto-1-exec-2] o.h.type.descriptor.sql.BasicExtractor   : extracted value ([modified3_1_0_] : [TIMESTAMP]) - [2022-08-20T02:24:01.901]
2022-08-20 02:24:02.023 TRACE 16121 --- [o-auto-1-exec-2] o.h.type.descriptor.sql.BasicExtractor   : extracted value ([color4_1_0_] : [VARCHAR]) - [bg-red-600]
2022-08-20 02:24:02.023 TRACE 16121 --- [o-auto-1-exec-2] o.h.type.descriptor.sql.BasicExtractor   : extracted value ([name5_1_0_] : [VARCHAR]) - [신분당선]
Hibernate: 
    select
        sections0_.line_id as line_id4_3_0_,
        sections0_.id as id1_3_0_,
        sections0_.id as id1_3_1_,
        sections0_.distance as distance2_3_1_,
        sections0_.down_station_id as down_sta3_3_1_,
        sections0_.line_id as line_id4_3_1_,
        sections0_.up_station_id as up_stati5_3_1_,
        station1_.id as id1_4_2_,
        station1_.created_date as created_2_4_2_,
        station1_.modified_date as modified3_4_2_,
        station1_.name as name4_4_2_,
        station2_.id as id1_4_3_,
        station2_.created_date as created_2_4_3_,
        station2_.modified_date as modified3_4_3_,
        station2_.name as name4_4_3_ 
    from
        section sections0_ 
    left outer join
        station station1_ 
            on sections0_.down_station_id=station1_.id 
    left outer join
        station station2_ 
            on sections0_.up_station_id=station2_.id 
    where
        sections0_.line_id=?
2022-08-20 02:24:02.024 TRACE 16121 --- [o-auto-1-exec-2] o.h.type.descriptor.sql.BasicBinder      : binding parameter [1] as [BIGINT] - [1]
2022-08-20 02:24:02.025 TRACE 16121 --- [o-auto-1-exec-2] o.h.type.descriptor.sql.BasicExtractor   : extracted value ([id1_3_1_] : [BIGINT]) - [1]
2022-08-20 02:24:02.025 TRACE 16121 --- [o-auto-1-exec-2] o.h.type.descriptor.sql.BasicExtractor   : extracted value ([id1_4_2_] : [BIGINT]) - [4]
2022-08-20 02:24:02.025 TRACE 16121 --- [o-auto-1-exec-2] o.h.type.descriptor.sql.BasicExtractor   : extracted value ([id1_4_3_] : [BIGINT]) - [2]
2022-08-20 02:24:02.025 TRACE 16121 --- [o-auto-1-exec-2] o.h.type.descriptor.sql.BasicExtractor   : extracted value ([distance2_3_1_] : [INTEGER]) - [8]
2022-08-20 02:24:02.025 TRACE 16121 --- [o-auto-1-exec-2] o.h.type.descriptor.sql.BasicExtractor   : extracted value ([down_sta3_3_1_] : [BIGINT]) - [4]
2022-08-20 02:24:02.025 TRACE 16121 --- [o-auto-1-exec-2] o.h.type.descriptor.sql.BasicExtractor   : extracted value ([line_id4_3_1_] : [BIGINT]) - [1]
2022-08-20 02:24:02.025 TRACE 16121 --- [o-auto-1-exec-2] o.h.type.descriptor.sql.BasicExtractor   : extracted value ([up_stati5_3_1_] : [BIGINT]) - [2]
2022-08-20 02:24:02.026 TRACE 16121 --- [o-auto-1-exec-2] o.h.type.descriptor.sql.BasicExtractor   : extracted value ([created_2_4_2_] : [TIMESTAMP]) - [2022-08-20T02:24:01.872]
2022-08-20 02:24:02.026 TRACE 16121 --- [o-auto-1-exec-2] o.h.type.descriptor.sql.BasicExtractor   : extracted value ([modified3_4_2_] : [TIMESTAMP]) - [2022-08-20T02:24:01.872]
2022-08-20 02:24:02.026 TRACE 16121 --- [o-auto-1-exec-2] o.h.type.descriptor.sql.BasicExtractor   : extracted value ([name4_4_2_] : [VARCHAR]) - [광교역]
2022-08-20 02:24:02.026 TRACE 16121 --- [o-auto-1-exec-2] o.h.type.descriptor.sql.BasicExtractor   : extracted value ([created_2_4_3_] : [TIMESTAMP]) - [2022-08-20T02:24:01.824]
2022-08-20 02:24:02.026 TRACE 16121 --- [o-auto-1-exec-2] o.h.type.descriptor.sql.BasicExtractor   : extracted value ([modified3_4_3_] : [TIMESTAMP]) - [2022-08-20T02:24:01.824]
2022-08-20 02:24:02.026 TRACE 16121 --- [o-auto-1-exec-2] o.h.type.descriptor.sql.BasicExtractor   : extracted value ([name4_4_3_] : [VARCHAR]) - [양재역]
2022-08-20 02:24:02.027 TRACE 16121 --- [o-auto-1-exec-2] o.h.type.descriptor.sql.BasicExtractor   : extracted value ([line_id4_3_0_] : [BIGINT]) - [1]
2022-08-20 02:24:02.027 TRACE 16121 --- [o-auto-1-exec-2] o.h.type.descriptor.sql.BasicExtractor   : extracted value ([id1_3_0_] : [BIGINT]) - [1]
2022-08-20 02:24:02.027 TRACE 16121 --- [o-auto-1-exec-2] o.h.type.descriptor.sql.BasicExtractor   : extracted value ([id1_3_1_] : [BIGINT]) - [2]
2022-08-20 02:24:02.027 TRACE 16121 --- [o-auto-1-exec-2] o.h.type.descriptor.sql.BasicExtractor   : extracted value ([id1_4_2_] : [BIGINT]) - [2]
2022-08-20 02:24:02.027 TRACE 16121 --- [o-auto-1-exec-2] o.h.type.descriptor.sql.BasicExtractor   : extracted value ([id1_4_3_] : [BIGINT]) - [1]
2022-08-20 02:24:02.027 TRACE 16121 --- [o-auto-1-exec-2] o.h.type.descriptor.sql.BasicExtractor   : extracted value ([distance2_3_1_] : [INTEGER]) - [2]
2022-08-20 02:24:02.027 TRACE 16121 --- [o-auto-1-exec-2] o.h.type.descriptor.sql.BasicExtractor   : extracted value ([down_sta3_3_1_] : [BIGINT]) - [2]
2022-08-20 02:24:02.027 TRACE 16121 --- [o-auto-1-exec-2] o.h.type.descriptor.sql.BasicExtractor   : extracted value ([line_id4_3_1_] : [BIGINT]) - [1]
2022-08-20 02:24:02.028 TRACE 16121 --- [o-auto-1-exec-2] o.h.type.descriptor.sql.BasicExtractor   : extracted value ([up_stati5_3_1_] : [BIGINT]) - [1]
2022-08-20 02:24:02.028 TRACE 16121 --- [o-auto-1-exec-2] o.h.type.descriptor.sql.BasicExtractor   : extracted value ([created_2_4_3_] : [TIMESTAMP]) - [2022-08-20T02:24:01.798]
2022-08-20 02:24:02.029 TRACE 16121 --- [o-auto-1-exec-2] o.h.type.descriptor.sql.BasicExtractor   : extracted value ([modified3_4_3_] : [TIMESTAMP]) - [2022-08-20T02:24:01.798]
2022-08-20 02:24:02.030 TRACE 16121 --- [o-auto-1-exec-2] o.h.type.descriptor.sql.BasicExtractor   : extracted value ([name4_4_3_] : [VARCHAR]) - [강남역]
2022-08-20 02:24:02.030 TRACE 16121 --- [o-auto-1-exec-2] o.h.type.descriptor.sql.BasicExtractor   : extracted value ([line_id4_3_0_] : [BIGINT]) - [1]
2022-08-20 02:24:02.033 TRACE 16121 --- [o-auto-1-exec-2] o.h.type.descriptor.sql.BasicExtractor   : extracted value ([id1_3_0_] : [BIGINT]) - [2]
2022-08-20 02:24:02.033 TRACE 16121 --- [o-auto-1-exec-2] o.h.type.descriptor.sql.BasicExtractor   : extracted value ([id1_3_1_] : [BIGINT]) - [3]
2022-08-20 02:24:02.033 TRACE 16121 --- [o-auto-1-exec-2] o.h.type.descriptor.sql.BasicExtractor   : extracted value ([id1_4_2_] : [BIGINT]) - [1]
2022-08-20 02:24:02.033 TRACE 16121 --- [o-auto-1-exec-2] o.h.type.descriptor.sql.BasicExtractor   : extracted value ([id1_4_3_] : [BIGINT]) - [3]
2022-08-20 02:24:02.033 TRACE 16121 --- [o-auto-1-exec-2] o.h.type.descriptor.sql.BasicExtractor   : extracted value ([distance2_3_1_] : [INTEGER]) - [5]
2022-08-20 02:24:02.033 TRACE 16121 --- [o-auto-1-exec-2] o.h.type.descriptor.sql.BasicExtractor   : extracted value ([down_sta3_3_1_] : [BIGINT]) - [1]
2022-08-20 02:24:02.033 TRACE 16121 --- [o-auto-1-exec-2] o.h.type.descriptor.sql.BasicExtractor   : extracted value ([line_id4_3_1_] : [BIGINT]) - [1]
2022-08-20 02:24:02.034 TRACE 16121 --- [o-auto-1-exec-2] o.h.type.descriptor.sql.BasicExtractor   : extracted value ([up_stati5_3_1_] : [BIGINT]) - [3]
2022-08-20 02:24:02.034 TRACE 16121 --- [o-auto-1-exec-2] o.h.type.descriptor.sql.BasicExtractor   : extracted value ([created_2_4_3_] : [TIMESTAMP]) - [2022-08-20T02:24:01.844]
2022-08-20 02:24:02.034 TRACE 16121 --- [o-auto-1-exec-2] o.h.type.descriptor.sql.BasicExtractor   : extracted value ([modified3_4_3_] : [TIMESTAMP]) - [2022-08-20T02:24:01.844]
2022-08-20 02:24:02.034 TRACE 16121 --- [o-auto-1-exec-2] o.h.type.descriptor.sql.BasicExtractor   : extracted value ([name4_4_3_] : [VARCHAR]) - [정자역]
2022-08-20 02:24:02.034 TRACE 16121 --- [o-auto-1-exec-2] o.h.type.descriptor.sql.BasicExtractor   : extracted value ([line_id4_3_0_] : [BIGINT]) - [1]
2022-08-20 02:24:02.034 TRACE 16121 --- [o-auto-1-exec-2] o.h.type.descriptor.sql.BasicExtractor   : extracted value ([id1_3_0_] : [BIGINT]) - [3]
GET /lines/1 HTTP/1.1
accept: application/json
host: localhost:37811
connection: Keep-Alive
user-agent: Apache-HttpClient/4.5.13 (Java/1.8.0_342)
accept-encoding: gzip,deflate



HTTP/1.1 200 OK
Transfer-Encoding: chunked
Keep-Alive: timeout=60
Connection: keep-alive
Date: Fri, 19 Aug 2022 17:24:01 GMT
Content-Type: application/json



HTTP/1.1 200 
Content-Type: application/json
Transfer-Encoding: chunked
Date: Fri, 19 Aug 2022 17:24:01 GMT
Keep-Alive: timeout=60
Connection: keep-alive

{
    "id": 1,
    "name": "신분당선",
    "color": "bg-red-600",
    "stations": [
        {
            "id": 3,
            "name": "정자역",
            "createdDate": "2022-08-20T02:24:01.844",
            "modifiedDate": "2022-08-20T02:24:01.844"
        },
        {
            "id": 1,
            "name": "강남역",
            "createdDate": "2022-08-20T02:24:01.798",
            "modifiedDate": "2022-08-20T02:24:01.798"
        },
        {
            "id": 2,
            "name": "양재역",
            "createdDate": "2022-08-20T02:24:01.824",
            "modifiedDate": "2022-08-20T02:24:01.824"
        },
        {
            "id": 4,
            "name": "광교역",
            "createdDate": "2022-08-20T02:24:01.872",
            "modifiedDate": "2022-08-20T02:24:01.872"
        }
    ],
    "createdDate": "2022-08-20T02:24:01.901",
    "modifiedDate": "2022-08-20T02:24:01.901"
}
]]></system-out>
  <system-err><![CDATA[]]></system-err>
</testsuite>
